## 开始执行... 2023-08-15 09:36:38

使用 gitee 源更新...


更新青龙源文件成功...


更新青龙静态资源成功...


开始检测依赖...


依赖检测安装成功...


更新包下载成功...

[PM2] Applying action reloadProcessId on app [schedule](ids: [ 0 ])
[PM2] Applying action reloadProcessId on app [public](ids: [ 1 ])
[PM2] [schedule](0) ✓
[PM2] Applying action reloadProcessId on app [panel](ids: [ 2 ])
[PM2] [public](1) ✓
[PM2] [panel](2) ✓
┌────┬─────────────┬─────────────┬─────────┬─────────┬──────────┬────────┬──────┬───────────┬──────────┬──────────┬──────────┬──────────┐
│ id │ name        │ namespace   │ version │ mode    │ pid      │ uptime │ ↺    │ status    │ cpu      │ mem      │ user     │ watching │
├────┼─────────────┼─────────────┼─────────┼─────────┼──────────┼────────┼──────┼───────────┼──────────┼──────────┼──────────┼──────────┤
│ 2  │ panel       │ default     │ N/A     │ fork    │ 88439    │ 2s     │ 1    │ online    │ 0%       │ 126.8mb  │ root     │ disabled │
│ 1  │ public      │ default     │ N/A     │ fork    │ 88381    │ 19s    │ 1    │ online    │ 0%       │ 103.4mb  │ root     │ disabled │
│ 0  │ schedule    │ default     │ N/A     │ fork    │ 88380    │ 19s    │ 1    │ online    │ 1.5%     │ 88.8mb   │ root     │ disabled │
└────┴─────────────┴─────────────┴─────────┴─────────┴──────────┴────────┴──────┴───────────┴──────────┴──────────┴──────────┴──────────┘

## 执行结束... 2023-08-15 09:37:07 耗时 29 秒　　　　　
