[2024-05-21 17:23:42] local.ERROR: SQLSTATE[HY000] [2002] Connection timed out (SQL: select * from `admin_extensions`) {"exception":"[object] (Illuminate\\Database\\QueryException(code: 2002): SQLSTATE[HY000] [2002] Connection timed out (SQL: select * from `admin_extensions`) at /www/wwwroot/b.ay.lc/vendor/laravel/framework/src/Illuminate/Database/Connection.php:760)
[stacktrace]
#0 /www/wwwroot/b.ay.lc/vendor/laravel/framework/src/Illuminate/Database/Connection.php(899): Illuminate\\Database\\Connection->runQueryCallback()
#1 /www/wwwroot/b.ay.lc/vendor/laravel/framework/src/Illuminate/Database/Connection.php(879): Illuminate\\Database\\Connection->tryAgainIfCausedByLostConnection()
#2 /www/wwwroot/b.ay.lc/vendor/laravel/framework/src/Illuminate/Database/Connection.php(723): Illuminate\\Database\\Connection->handleQueryException()
#3 /www/wwwroot/b.ay.lc/vendor/laravel/framework/src/Illuminate/Database/Connection.php(422): Illuminate\\Database\\Connection->run()
#4 /www/wwwroot/b.ay.lc/vendor/laravel/framework/src/Illuminate/Database/Query/Builder.php(2706): Illuminate\\Database\\Connection->select()
#5 /www/wwwroot/b.ay.lc/vendor/laravel/framework/src/Illuminate/Database/Query/Builder.php(2694): Illuminate\\Database\\Query\\Builder->runSelect()
#6 /www/wwwroot/b.ay.lc/vendor/laravel/framework/src/Illuminate/Database/Query/Builder.php(3230): Illuminate\\Database\\Query\\Builder->Illuminate\\Database\\Query\\{closure}()
#7 /www/wwwroot/b.ay.lc/vendor/laravel/framework/src/Illuminate/Database/Query/Builder.php(2695): Illuminate\\Database\\Query\\Builder->onceWithColumns()
#8 /www/wwwroot/b.ay.lc/vendor/laravel/framework/src/Illuminate/Database/Eloquent/Builder.php(710): Illuminate\\Database\\Query\\Builder->get()
#9 /www/wwwroot/b.ay.lc/vendor/laravel/framework/src/Illuminate/Database/Eloquent/Builder.php(694): Illuminate\\Database\\Eloquent\\Builder->getModels()
#10 /www/wwwroot/b.ay.lc/vendor/laravel/framework/src/Illuminate/Database/Eloquent/Model.php(674): Illuminate\\Database\\Eloquent\\Builder->get()
#11 /www/wwwroot/b.ay.lc/vendor/dcat/laravel-admin/src/Extend/Manager.php(445): Illuminate\\Database\\Eloquent\\Model::all()
#12 /www/wwwroot/b.ay.lc/vendor/dcat/laravel-admin/src/Extend/Manager.php(85): Dcat\\Admin\\Extend\\Manager->settings()
#13 /www/wwwroot/b.ay.lc/vendor/dcat/laravel-admin/src/Extend/ServiceProvider.php(282): Dcat\\Admin\\Extend\\Manager->enabled()
#14 /www/wwwroot/b.ay.lc/vendor/dcat/laravel-admin/src/Extend/ServiceProvider.php(292): Dcat\\Admin\\Extend\\ServiceProvider->enabled()
#15 /www/wwwroot/b.ay.lc/vendor/dcat/laravel-admin/src/Extend/ServiceProvider.php(88): Dcat\\Admin\\Extend\\ServiceProvider->disabled()
#16 /www/wwwroot/b.ay.lc/vendor/laravel/framework/src/Illuminate/Container/BoundMethod.php(36): Dcat\\Admin\\Extend\\ServiceProvider->boot()
#17 /www/wwwroot/b.ay.lc/vendor/laravel/framework/src/Illuminate/Container/Util.php(41): Illuminate\\Container\\BoundMethod::Illuminate\\Container\\{closure}()
#18 /www/wwwroot/b.ay.lc/vendor/laravel/framework/src/Illuminate/Container/BoundMethod.php(93): Illuminate\\Container\\Util::unwrapIfClosure()
#19 /www/wwwroot/b.ay.lc/vendor/laravel/framework/src/Illuminate/Container/BoundMethod.php(37): Illuminate\\Container\\BoundMethod::callBoundMethod()
#20 /www/wwwroot/b.ay.lc/vendor/laravel/framework/src/Illuminate/Container/Container.php(661): Illuminate\\Container\\BoundMethod::call()
#21 /www/wwwroot/b.ay.lc/vendor/laravel/framework/src/Illuminate/Foundation/Application.php(929): Illuminate\\Container\\Container->call()
#22 /www/wwwroot/b.ay.lc/vendor/laravel/framework/src/Illuminate/Foundation/Application.php(910): Illuminate\\Foundation\\Application->bootProvider()
#23 [internal function]: Illuminate\\Foundation\\Application->Illuminate\\Foundation\\{closure}()
#24 /www/wwwroot/b.ay.lc/vendor/laravel/framework/src/Illuminate/Foundation/Application.php(911): array_walk()
#25 /www/wwwroot/b.ay.lc/vendor/laravel/framework/src/Illuminate/Foundation/Bootstrap/BootProviders.php(17): Illuminate\\Foundation\\Application->boot()
#26 /www/wwwroot/b.ay.lc/vendor/laravel/framework/src/Illuminate/Foundation/Application.php(242): Illuminate\\Foundation\\Bootstrap\\BootProviders->bootstrap()
#27 /www/wwwroot/b.ay.lc/vendor/laravel/framework/src/Illuminate/Foundation/Console/Kernel.php(383): Illuminate\\Foundation\\Application->bootstrapWith()
#28 /www/wwwroot/b.ay.lc/vendor/laravel/framework/src/Illuminate/Foundation/Console/Kernel.php(153): Illuminate\\Foundation\\Console\\Kernel->bootstrap()
#29 /www/wwwroot/b.ay.lc/artisan(37): Illuminate\\Foundation\\Console\\Kernel->handle()
#30 {main}

[previous exception] [object] (PDOException(code: 2002): SQLSTATE[HY000] [2002] Connection timed out at /www/wwwroot/b.ay.lc/vendor/laravel/framework/src/Illuminate/Database/Connectors/Connector.php:70)
[stacktrace]
#0 /www/wwwroot/b.ay.lc/vendor/laravel/framework/src/Illuminate/Database/Connectors/Connector.php(70): PDO->__construct()
#1 /www/wwwroot/b.ay.lc/vendor/laravel/framework/src/Illuminate/Database/Connectors/Connector.php(100): Illuminate\\Database\\Connectors\\Connector->createPdoConnection()
#2 /www/wwwroot/b.ay.lc/vendor/laravel/framework/src/Illuminate/Database/Connectors/Connector.php(50): Illuminate\\Database\\Connectors\\Connector->tryAgainIfCausedByLostConnection()
#3 /www/wwwroot/b.ay.lc/vendor/laravel/framework/src/Illuminate/Database/Connectors/MySqlConnector.php(24): Illuminate\\Database\\Connectors\\Connector->createConnection()
#4 /www/wwwroot/b.ay.lc/vendor/laravel/framework/src/Illuminate/Database/Connectors/ConnectionFactory.php(184): Illuminate\\Database\\Connectors\\MySqlConnector->connect()
#5 [internal function]: Illuminate\\Database\\Connectors\\ConnectionFactory->Illuminate\\Database\\Connectors\\{closure}()
#6 /www/wwwroot/b.ay.lc/vendor/laravel/framework/src/Illuminate/Database/Connection.php(1181): call_user_func()
#7 /www/wwwroot/b.ay.lc/vendor/laravel/framework/src/Illuminate/Database/Connection.php(1217): Illuminate\\Database\\Connection->getPdo()
#8 /www/wwwroot/b.ay.lc/vendor/laravel/framework/src/Illuminate/Database/Connection.php(486): Illuminate\\Database\\Connection->getReadPdo()
#9 /www/wwwroot/b.ay.lc/vendor/laravel/framework/src/Illuminate/Database/Connection.php(414): Illuminate\\Database\\Connection->getPdoForSelect()
#10 /www/wwwroot/b.ay.lc/vendor/laravel/framework/src/Illuminate/Database/Connection.php(753): Illuminate\\Database\\Connection->Illuminate\\Database\\{closure}()
#11 /www/wwwroot/b.ay.lc/vendor/laravel/framework/src/Illuminate/Database/Connection.php(899): Illuminate\\Database\\Connection->runQueryCallback()
#12 /www/wwwroot/b.ay.lc/vendor/laravel/framework/src/Illuminate/Database/Connection.php(879): Illuminate\\Database\\Connection->tryAgainIfCausedByLostConnection()
#13 /www/wwwroot/b.ay.lc/vendor/laravel/framework/src/Illuminate/Database/Connection.php(723): Illuminate\\Database\\Connection->handleQueryException()
#14 /www/wwwroot/b.ay.lc/vendor/laravel/framework/src/Illuminate/Database/Connection.php(422): Illuminate\\Database\\Connection->run()
#15 /www/wwwroot/b.ay.lc/vendor/laravel/framework/src/Illuminate/Database/Query/Builder.php(2706): Illuminate\\Database\\Connection->select()
#16 /www/wwwroot/b.ay.lc/vendor/laravel/framework/src/Illuminate/Database/Query/Builder.php(2694): Illuminate\\Database\\Query\\Builder->runSelect()
#17 /www/wwwroot/b.ay.lc/vendor/laravel/framework/src/Illuminate/Database/Query/Builder.php(3230): Illuminate\\Database\\Query\\Builder->Illuminate\\Database\\Query\\{closure}()
#18 /www/wwwroot/b.ay.lc/vendor/laravel/framework/src/Illuminate/Database/Query/Builder.php(2695): Illuminate\\Database\\Query\\Builder->onceWithColumns()
#19 /www/wwwroot/b.ay.lc/vendor/laravel/framework/src/Illuminate/Database/Eloquent/Builder.php(710): Illuminate\\Database\\Query\\Builder->get()
#20 /www/wwwroot/b.ay.lc/vendor/laravel/framework/src/Illuminate/Database/Eloquent/Builder.php(694): Illuminate\\Database\\Eloquent\\Builder->getModels()
#21 /www/wwwroot/b.ay.lc/vendor/laravel/framework/src/Illuminate/Database/Eloquent/Model.php(674): Illuminate\\Database\\Eloquent\\Builder->get()
#22 /www/wwwroot/b.ay.lc/vendor/dcat/laravel-admin/src/Extend/Manager.php(445): Illuminate\\Database\\Eloquent\\Model::all()
#23 /www/wwwroot/b.ay.lc/vendor/dcat/laravel-admin/src/Extend/Manager.php(85): Dcat\\Admin\\Extend\\Manager->settings()
#24 /www/wwwroot/b.ay.lc/vendor/dcat/laravel-admin/src/Extend/ServiceProvider.php(282): Dcat\\Admin\\Extend\\Manager->enabled()
#25 /www/wwwroot/b.ay.lc/vendor/dcat/laravel-admin/src/Extend/ServiceProvider.php(292): Dcat\\Admin\\Extend\\ServiceProvider->enabled()
#26 /www/wwwroot/b.ay.lc/vendor/dcat/laravel-admin/src/Extend/ServiceProvider.php(88): Dcat\\Admin\\Extend\\ServiceProvider->disabled()
#27 /www/wwwroot/b.ay.lc/vendor/laravel/framework/src/Illuminate/Container/BoundMethod.php(36): Dcat\\Admin\\Extend\\ServiceProvider->boot()
#28 /www/wwwroot/b.ay.lc/vendor/laravel/framework/src/Illuminate/Container/Util.php(41): Illuminate\\Container\\BoundMethod::Illuminate\\Container\\{closure}()
#29 /www/wwwroot/b.ay.lc/vendor/laravel/framework/src/Illuminate/Container/BoundMethod.php(93): Illuminate\\Container\\Util::unwrapIfClosure()
#30 /www/wwwroot/b.ay.lc/vendor/laravel/framework/src/Illuminate/Container/BoundMethod.php(37): Illuminate\\Container\\BoundMethod::callBoundMethod()
#31 /www/wwwroot/b.ay.lc/vendor/laravel/framework/src/Illuminate/Container/Container.php(661): Illuminate\\Container\\BoundMethod::call()
#32 /www/wwwroot/b.ay.lc/vendor/laravel/framework/src/Illuminate/Foundation/Application.php(929): Illuminate\\Container\\Container->call()
#33 /www/wwwroot/b.ay.lc/vendor/laravel/framework/src/Illuminate/Foundation/Application.php(910): Illuminate\\Foundation\\Application->bootProvider()
#34 [internal function]: Illuminate\\Foundation\\Application->Illuminate\\Foundation\\{closure}()
#35 /www/wwwroot/b.ay.lc/vendor/laravel/framework/src/Illuminate/Foundation/Application.php(911): array_walk()
#36 /www/wwwroot/b.ay.lc/vendor/laravel/framework/src/Illuminate/Foundation/Bootstrap/BootProviders.php(17): Illuminate\\Foundation\\Application->boot()
#37 /www/wwwroot/b.ay.lc/vendor/laravel/framework/src/Illuminate/Foundation/Application.php(242): Illuminate\\Foundation\\Bootstrap\\BootProviders->bootstrap()
#38 /www/wwwroot/b.ay.lc/vendor/laravel/framework/src/Illuminate/Foundation/Console/Kernel.php(383): Illuminate\\Foundation\\Application->bootstrapWith()
#39 /www/wwwroot/b.ay.lc/vendor/laravel/framework/src/Illuminate/Foundation/Console/Kernel.php(153): Illuminate\\Foundation\\Console\\Kernel->bootstrap()
#40 /www/wwwroot/b.ay.lc/artisan(37): Illuminate\\Foundation\\Console\\Kernel->handle()
#41 {main}
"} 
