[2024-05-23 01:19:14] local.INFO: 企业微信接口访问  
[2024-05-23 01:19:14] local.INFO: array (
  'client_id' => '1',
  'message_type' => '11051',
  'message' => '{"appinfo": "wwt_appmsgmq_1#queue2@30_180_194_135@1#1716398353|490889114", "content_type": 2116, "conversation_id": "S:1688855282355755_1688855282355755", "is_pc": 0, "receiver": "1688855282355755", "send_time": "1716398353", "sender": "1688855282355755", "sender_name": "", "server_id": "1026145"}',
)  
[2024-05-23 01:19:14] local.INFO: 未登记的type类型11051  
[2024-05-23 02:52:17] local.INFO: 企业微信接口访问  
[2024-05-23 02:52:17] local.INFO: array (
  'client_id' => '1',
  'message_type' => '11051',
  'message' => '{"appinfo": "-4Ds0Z2ySMufLhm1KiYzBQAA73795096875750", "content_type": 80, "conversation_id": "R:73795096875750", "is_pc": 0, "receiver": "R:73795096875750", "send_time": "1716403934", "sender": "10977525061730675", "sender_name": "宝塔HS", "server_id": "1026147"}',
)  
[2024-05-23 02:52:17] local.INFO: 未登记的type类型11051  
[2024-05-23 07:00:10] local.INFO: 企业微信接口访问  
[2024-05-23 07:00:11] local.INFO: array (
  'client_id' => '1',
  'message_type' => '11041',
  'message' => '{"appinfo": "wework_5629502427677708_1716418807_756586", "at_list": [], "content": "【自动签到任务完成】\\n本次签到数量: 2 \\n命中重试数量: 0 \\n强制签到数量: 0 \\n下次签到数量: 2 \\n下次签到时间: 2024-05-24 07:00:00 \\n详见签到消息", "content_type": 2, "conversation_id": "S:5629502427677708_1688855282355755", "is_pc": 0, "receiver": "1688855282355755", "send_time": "1716418807", "sender": "5629502427677708", "sender_name": "", "server_id": "1026150"}',
)  
[2024-05-23 10:32:00] local.INFO: 企业微信接口访问  
[2024-05-23 10:32:00] local.INFO: array (
  'client_id' => '1',
  'message_type' => '11066',
  'message' => '{"appicon": "http://mmbiz.qpic.cn/mmbiz_png/vlHwHUMlM03xKfWp223XKFN6AicCl2VydUX0Czm9X0libVgwrF6FicOmja0pkbv7gkvy9gHicp4FDwWHXkefDSjWsw/640?wx_fmt=png&wxfrom=200", "appid": "wxa72a3371401fe389", "appinfo": "360590344839905600", "appname": "苏宁易购精选", "cdn": {"aes_key": "6E656E6A6D6873796366676C7964666C", "file_id": "306b020102046430620201000204bd71488102031e9038020425c4f46d0204664eaa9d0434333137383331373935335f33393035303030385f66613061333162333636306330393232653663666339366361643363623938380203102800020300806004000201010201000400", "size": 32860}, "cdn_type": 2, "content_type": 78, "conversation_id": "R:10886471727775134", "is_pc": 0, "page_path": "packageC/pages/orderDetail/orderReceipt/index.html?storeCode=61785&merchantCode=064549&orderCode=P387221501526040", "receiver": "R:10886471727775134", "send_time": "1716431516", "sender": "7881302526216321", "sender_name": "西乌怡翔六儿", "server_id": "1026153", "thumb_height": 492, "thumb_width": 580, "title": "锡林郭勒西乌珠穆沁旗苏宁易购零售云店", "username": "gh_28691caab13b@app"}',
)  
[2024-05-23 10:32:00] local.INFO: 未登记的type类型11066  
[2024-05-23 11:50:37] local.INFO: 企业微信接口访问  
[2024-05-23 11:50:37] local.INFO: array (
  'client_id' => '1',
  'message_type' => '11041',
  'message' => '{"appinfo": "887007473567088232", "at_list": [{"nickname": "西乌怡翔六儿", "user_id": "7881302526216321"}], "content": "@西乌怡翔六儿 [强][强][强]", "content_type": 2, "conversation_id": "R:10886471727775134", "is_pc": 0, "receiver": "R:10886471727775134", "send_time": "1716436234", "sender": "7881302399928889", "sender_name": "李刚℡¹⁵⁶⁶¹²⁹⁹⁹⁹³", "server_id": "1026156"}',
)  
[2024-05-23 14:12:42] local.ERROR: SQLSTATE[HY000] [2002] Connection refused (SQL: select * from `admin_extensions`) {"exception":"[object] (Illuminate\\Database\\QueryException(code: 2002): SQLSTATE[HY000] [2002] Connection refused (SQL: select * from `admin_extensions`) at /Users/pllx/Web/myapp/bjjs/l9/vendor/laravel/framework/src/Illuminate/Database/Connection.php:760)
[stacktrace]
#0 /Users/pllx/Web/myapp/bjjs/l9/vendor/laravel/framework/src/Illuminate/Database/Connection.php(899): Illuminate\\Database\\Connection->runQueryCallback('select * from `...', Array, Object(Closure))
#1 /Users/pllx/Web/myapp/bjjs/l9/vendor/laravel/framework/src/Illuminate/Database/Connection.php(878): Illuminate\\Database\\Connection->tryAgainIfCausedByLostConnection(Object(Illuminate\\Database\\QueryException), 'select * from `...', Array, Object(Closure))
#2 /Users/pllx/Web/myapp/bjjs/l9/vendor/laravel/framework/src/Illuminate/Database/Connection.php(722): Illuminate\\Database\\Connection->handleQueryException(Object(Illuminate\\Database\\QueryException), 'select * from `...', Array, Object(Closure))
#3 /Users/pllx/Web/myapp/bjjs/l9/vendor/laravel/framework/src/Illuminate/Database/Connection.php(405): Illuminate\\Database\\Connection->run('select * from `...', Array, Object(Closure))
#4 /Users/pllx/Web/myapp/bjjs/l9/vendor/laravel/framework/src/Illuminate/Database/Query/Builder.php(2705): Illuminate\\Database\\Connection->select('select * from `...', Array, true)
#5 /Users/pllx/Web/myapp/bjjs/l9/vendor/laravel/framework/src/Illuminate/Database/Query/Builder.php(2694): Illuminate\\Database\\Query\\Builder->runSelect()
#6 /Users/pllx/Web/myapp/bjjs/l9/vendor/laravel/framework/src/Illuminate/Database/Query/Builder.php(3230): Illuminate\\Database\\Query\\Builder->Illuminate\\Database\\Query\\{closure}()
#7 /Users/pllx/Web/myapp/bjjs/l9/vendor/laravel/framework/src/Illuminate/Database/Query/Builder.php(2693): Illuminate\\Database\\Query\\Builder->onceWithColumns(Array, Object(Closure))
#8 /Users/pllx/Web/myapp/bjjs/l9/vendor/laravel/framework/src/Illuminate/Database/Eloquent/Builder.php(710): Illuminate\\Database\\Query\\Builder->get(Array)
#9 /Users/pllx/Web/myapp/bjjs/l9/vendor/laravel/framework/src/Illuminate/Database/Eloquent/Builder.php(694): Illuminate\\Database\\Eloquent\\Builder->getModels(Array)
#10 /Users/pllx/Web/myapp/bjjs/l9/vendor/laravel/framework/src/Illuminate/Database/Eloquent/Model.php(673): Illuminate\\Database\\Eloquent\\Builder->get(Array)
#11 /Users/pllx/Web/myapp/bjjs/l9/vendor/dcat/laravel-admin/src/Extend/Manager.php(445): Illuminate\\Database\\Eloquent\\Model::all()
#12 /Users/pllx/Web/myapp/bjjs/l9/vendor/dcat/laravel-admin/src/Extend/Manager.php(85): Dcat\\Admin\\Extend\\Manager->settings()
#13 /Users/pllx/Web/myapp/bjjs/l9/vendor/dcat/laravel-admin/src/Extend/ServiceProvider.php(282): Dcat\\Admin\\Extend\\Manager->enabled('canbez.dcat-the...')
#14 /Users/pllx/Web/myapp/bjjs/l9/vendor/dcat/laravel-admin/src/Extend/ServiceProvider.php(292): Dcat\\Admin\\Extend\\ServiceProvider->enabled()
#15 /Users/pllx/Web/myapp/bjjs/l9/vendor/dcat/laravel-admin/src/Extend/ServiceProvider.php(88): Dcat\\Admin\\Extend\\ServiceProvider->disabled()
#16 /Users/pllx/Web/myapp/bjjs/l9/vendor/laravel/framework/src/Illuminate/Container/BoundMethod.php(36): Dcat\\Admin\\Extend\\ServiceProvider->boot()
#17 /Users/pllx/Web/myapp/bjjs/l9/vendor/laravel/framework/src/Illuminate/Container/Util.php(41): Illuminate\\Container\\BoundMethod::Illuminate\\Container\\{closure}()
#18 /Users/pllx/Web/myapp/bjjs/l9/vendor/laravel/framework/src/Illuminate/Container/BoundMethod.php(93): Illuminate\\Container\\Util::unwrapIfClosure(Object(Closure))
#19 /Users/pllx/Web/myapp/bjjs/l9/vendor/laravel/framework/src/Illuminate/Container/BoundMethod.php(35): Illuminate\\Container\\BoundMethod::callBoundMethod(Object(Illuminate\\Foundation\\Application), Array, Object(Closure))
#20 /Users/pllx/Web/myapp/bjjs/l9/vendor/laravel/framework/src/Illuminate/Container/Container.php(661): Illuminate\\Container\\BoundMethod::call(Object(Illuminate\\Foundation\\Application), Array, Array, NULL)
#21 /Users/pllx/Web/myapp/bjjs/l9/vendor/laravel/framework/src/Illuminate/Foundation/Application.php(929): Illuminate\\Container\\Container->call(Array)
#22 /Users/pllx/Web/myapp/bjjs/l9/vendor/laravel/framework/src/Illuminate/Foundation/Application.php(910): Illuminate\\Foundation\\Application->bootProvider(Object(Canbez\\DcatTheme\\DcatThemeServiceProvider))
#23 [internal function]: Illuminate\\Foundation\\Application->Illuminate\\Foundation\\{closure}(Object(Canbez\\DcatTheme\\DcatThemeServiceProvider), 15)
#24 /Users/pllx/Web/myapp/bjjs/l9/vendor/laravel/framework/src/Illuminate/Foundation/Application.php(909): array_walk(Array, Object(Closure))
#25 /Users/pllx/Web/myapp/bjjs/l9/vendor/laravel/framework/src/Illuminate/Foundation/Bootstrap/BootProviders.php(17): Illuminate\\Foundation\\Application->boot()
#26 /Users/pllx/Web/myapp/bjjs/l9/vendor/laravel/framework/src/Illuminate/Foundation/Application.php(242): Illuminate\\Foundation\\Bootstrap\\BootProviders->bootstrap(Object(Illuminate\\Foundation\\Application))
#27 /Users/pllx/Web/myapp/bjjs/l9/vendor/laravel/framework/src/Illuminate/Foundation/Console/Kernel.php(383): Illuminate\\Foundation\\Application->bootstrapWith(Array)
#28 /Users/pllx/Web/myapp/bjjs/l9/vendor/laravel/framework/src/Illuminate/Foundation/Console/Kernel.php(153): Illuminate\\Foundation\\Console\\Kernel->bootstrap()
#29 /Users/pllx/Web/myapp/bjjs/l9/artisan(35): Illuminate\\Foundation\\Console\\Kernel->handle(Object(Symfony\\Component\\Console\\Input\\ArgvInput), Object(Symfony\\Component\\Console\\Output\\ConsoleOutput))
#30 {main}

[previous exception] [object] (PDOException(code: 2002): SQLSTATE[HY000] [2002] Connection refused at /Users/pllx/Web/myapp/bjjs/l9/vendor/laravel/framework/src/Illuminate/Database/Connectors/Connector.php:70)
[stacktrace]
#0 /Users/pllx/Web/myapp/bjjs/l9/vendor/laravel/framework/src/Illuminate/Database/Connectors/Connector.php(70): PDO->__construct('mysql:host=127....', 'root', Object(SensitiveParameterValue), Array)
#1 /Users/pllx/Web/myapp/bjjs/l9/vendor/laravel/framework/src/Illuminate/Database/Connectors/Connector.php(100): Illuminate\\Database\\Connectors\\Connector->createPdoConnection('mysql:host=127....', 'root', '', Array)
#2 /Users/pllx/Web/myapp/bjjs/l9/vendor/laravel/framework/src/Illuminate/Database/Connectors/Connector.php(49): Illuminate\\Database\\Connectors\\Connector->tryAgainIfCausedByLostConnection(Object(PDOException), 'mysql:host=127....', 'root', '', Array)
#3 /Users/pllx/Web/myapp/bjjs/l9/vendor/laravel/framework/src/Illuminate/Database/Connectors/MySqlConnector.php(24): Illuminate\\Database\\Connectors\\Connector->createConnection('mysql:host=127....', Array, Array)
#4 /Users/pllx/Web/myapp/bjjs/l9/vendor/laravel/framework/src/Illuminate/Database/Connectors/ConnectionFactory.php(184): Illuminate\\Database\\Connectors\\MySqlConnector->connect(Array)
#5 [internal function]: Illuminate\\Database\\Connectors\\ConnectionFactory->Illuminate\\Database\\Connectors\\{closure}()
#6 /Users/pllx/Web/myapp/bjjs/l9/vendor/laravel/framework/src/Illuminate/Database/Connection.php(1181): call_user_func(Object(Closure))
#7 /Users/pllx/Web/myapp/bjjs/l9/vendor/laravel/framework/src/Illuminate/Database/Connection.php(1217): Illuminate\\Database\\Connection->getPdo()
#8 /Users/pllx/Web/myapp/bjjs/l9/vendor/laravel/framework/src/Illuminate/Database/Connection.php(486): Illuminate\\Database\\Connection->getReadPdo()
#9 /Users/pllx/Web/myapp/bjjs/l9/vendor/laravel/framework/src/Illuminate/Database/Connection.php(414): Illuminate\\Database\\Connection->getPdoForSelect(true)
#10 /Users/pllx/Web/myapp/bjjs/l9/vendor/laravel/framework/src/Illuminate/Database/Connection.php(753): Illuminate\\Database\\Connection->Illuminate\\Database\\{closure}('select * from `...', Array)
#11 /Users/pllx/Web/myapp/bjjs/l9/vendor/laravel/framework/src/Illuminate/Database/Connection.php(899): Illuminate\\Database\\Connection->runQueryCallback('select * from `...', Array, Object(Closure))
#12 /Users/pllx/Web/myapp/bjjs/l9/vendor/laravel/framework/src/Illuminate/Database/Connection.php(878): Illuminate\\Database\\Connection->tryAgainIfCausedByLostConnection(Object(Illuminate\\Database\\QueryException), 'select * from `...', Array, Object(Closure))
#13 /Users/pllx/Web/myapp/bjjs/l9/vendor/laravel/framework/src/Illuminate/Database/Connection.php(722): Illuminate\\Database\\Connection->handleQueryException(Object(Illuminate\\Database\\QueryException), 'select * from `...', Array, Object(Closure))
#14 /Users/pllx/Web/myapp/bjjs/l9/vendor/laravel/framework/src/Illuminate/Database/Connection.php(405): Illuminate\\Database\\Connection->run('select * from `...', Array, Object(Closure))
#15 /Users/pllx/Web/myapp/bjjs/l9/vendor/laravel/framework/src/Illuminate/Database/Query/Builder.php(2705): Illuminate\\Database\\Connection->select('select * from `...', Array, true)
#16 /Users/pllx/Web/myapp/bjjs/l9/vendor/laravel/framework/src/Illuminate/Database/Query/Builder.php(2694): Illuminate\\Database\\Query\\Builder->runSelect()
#17 /Users/pllx/Web/myapp/bjjs/l9/vendor/laravel/framework/src/Illuminate/Database/Query/Builder.php(3230): Illuminate\\Database\\Query\\Builder->Illuminate\\Database\\Query\\{closure}()
#18 /Users/pllx/Web/myapp/bjjs/l9/vendor/laravel/framework/src/Illuminate/Database/Query/Builder.php(2693): Illuminate\\Database\\Query\\Builder->onceWithColumns(Array, Object(Closure))
#19 /Users/pllx/Web/myapp/bjjs/l9/vendor/laravel/framework/src/Illuminate/Database/Eloquent/Builder.php(710): Illuminate\\Database\\Query\\Builder->get(Array)
#20 /Users/pllx/Web/myapp/bjjs/l9/vendor/laravel/framework/src/Illuminate/Database/Eloquent/Builder.php(694): Illuminate\\Database\\Eloquent\\Builder->getModels(Array)
#21 /Users/pllx/Web/myapp/bjjs/l9/vendor/laravel/framework/src/Illuminate/Database/Eloquent/Model.php(673): Illuminate\\Database\\Eloquent\\Builder->get(Array)
#22 /Users/pllx/Web/myapp/bjjs/l9/vendor/dcat/laravel-admin/src/Extend/Manager.php(445): Illuminate\\Database\\Eloquent\\Model::all()
#23 /Users/pllx/Web/myapp/bjjs/l9/vendor/dcat/laravel-admin/src/Extend/Manager.php(85): Dcat\\Admin\\Extend\\Manager->settings()
#24 /Users/pllx/Web/myapp/bjjs/l9/vendor/dcat/laravel-admin/src/Extend/ServiceProvider.php(282): Dcat\\Admin\\Extend\\Manager->enabled('canbez.dcat-the...')
#25 /Users/pllx/Web/myapp/bjjs/l9/vendor/dcat/laravel-admin/src/Extend/ServiceProvider.php(292): Dcat\\Admin\\Extend\\ServiceProvider->enabled()
#26 /Users/pllx/Web/myapp/bjjs/l9/vendor/dcat/laravel-admin/src/Extend/ServiceProvider.php(88): Dcat\\Admin\\Extend\\ServiceProvider->disabled()
#27 /Users/pllx/Web/myapp/bjjs/l9/vendor/laravel/framework/src/Illuminate/Container/BoundMethod.php(36): Dcat\\Admin\\Extend\\ServiceProvider->boot()
#28 /Users/pllx/Web/myapp/bjjs/l9/vendor/laravel/framework/src/Illuminate/Container/Util.php(41): Illuminate\\Container\\BoundMethod::Illuminate\\Container\\{closure}()
#29 /Users/pllx/Web/myapp/bjjs/l9/vendor/laravel/framework/src/Illuminate/Container/BoundMethod.php(93): Illuminate\\Container\\Util::unwrapIfClosure(Object(Closure))
#30 /Users/pllx/Web/myapp/bjjs/l9/vendor/laravel/framework/src/Illuminate/Container/BoundMethod.php(35): Illuminate\\Container\\BoundMethod::callBoundMethod(Object(Illuminate\\Foundation\\Application), Array, Object(Closure))
#31 /Users/pllx/Web/myapp/bjjs/l9/vendor/laravel/framework/src/Illuminate/Container/Container.php(661): Illuminate\\Container\\BoundMethod::call(Object(Illuminate\\Foundation\\Application), Array, Array, NULL)
#32 /Users/pllx/Web/myapp/bjjs/l9/vendor/laravel/framework/src/Illuminate/Foundation/Application.php(929): Illuminate\\Container\\Container->call(Array)
#33 /Users/pllx/Web/myapp/bjjs/l9/vendor/laravel/framework/src/Illuminate/Foundation/Application.php(910): Illuminate\\Foundation\\Application->bootProvider(Object(Canbez\\DcatTheme\\DcatThemeServiceProvider))
#34 [internal function]: Illuminate\\Foundation\\Application->Illuminate\\Foundation\\{closure}(Object(Canbez\\DcatTheme\\DcatThemeServiceProvider), 15)
#35 /Users/pllx/Web/myapp/bjjs/l9/vendor/laravel/framework/src/Illuminate/Foundation/Application.php(909): array_walk(Array, Object(Closure))
#36 /Users/pllx/Web/myapp/bjjs/l9/vendor/laravel/framework/src/Illuminate/Foundation/Bootstrap/BootProviders.php(17): Illuminate\\Foundation\\Application->boot()
#37 /Users/pllx/Web/myapp/bjjs/l9/vendor/laravel/framework/src/Illuminate/Foundation/Application.php(242): Illuminate\\Foundation\\Bootstrap\\BootProviders->bootstrap(Object(Illuminate\\Foundation\\Application))
#38 /Users/pllx/Web/myapp/bjjs/l9/vendor/laravel/framework/src/Illuminate/Foundation/Console/Kernel.php(383): Illuminate\\Foundation\\Application->bootstrapWith(Array)
#39 /Users/pllx/Web/myapp/bjjs/l9/vendor/laravel/framework/src/Illuminate/Foundation/Console/Kernel.php(153): Illuminate\\Foundation\\Console\\Kernel->bootstrap()
#40 /Users/pllx/Web/myapp/bjjs/l9/artisan(35): Illuminate\\Foundation\\Console\\Kernel->handle(Object(Symfony\\Component\\Console\\Input\\ArgvInput), Object(Symfony\\Component\\Console\\Output\\ConsoleOutput))
#41 {main}
"} 
[2024-05-23 14:49:45] local.ERROR: SQLSTATE[HY000] [2002] Connection refused (SQL: select * from `admin_extensions`) {"exception":"[object] (Illuminate\\Database\\QueryException(code: 2002): SQLSTATE[HY000] [2002] Connection refused (SQL: select * from `admin_extensions`) at /Users/pllx/Web/myapp/bjjs/l9/vendor/laravel/framework/src/Illuminate/Database/Connection.php:760)
[stacktrace]
#0 /Users/pllx/Web/myapp/bjjs/l9/vendor/laravel/framework/src/Illuminate/Database/Connection.php(899): Illuminate\\Database\\Connection->runQueryCallback('select * from `...', Array, Object(Closure))
#1 /Users/pllx/Web/myapp/bjjs/l9/vendor/laravel/framework/src/Illuminate/Database/Connection.php(878): Illuminate\\Database\\Connection->tryAgainIfCausedByLostConnection(Object(Illuminate\\Database\\QueryException), 'select * from `...', Array, Object(Closure))
#2 /Users/pllx/Web/myapp/bjjs/l9/vendor/laravel/framework/src/Illuminate/Database/Connection.php(722): Illuminate\\Database\\Connection->handleQueryException(Object(Illuminate\\Database\\QueryException), 'select * from `...', Array, Object(Closure))
#3 /Users/pllx/Web/myapp/bjjs/l9/vendor/laravel/framework/src/Illuminate/Database/Connection.php(405): Illuminate\\Database\\Connection->run('select * from `...', Array, Object(Closure))
#4 /Users/pllx/Web/myapp/bjjs/l9/vendor/laravel/framework/src/Illuminate/Database/Query/Builder.php(2705): Illuminate\\Database\\Connection->select('select * from `...', Array, true)
#5 /Users/pllx/Web/myapp/bjjs/l9/vendor/laravel/framework/src/Illuminate/Database/Query/Builder.php(2694): Illuminate\\Database\\Query\\Builder->runSelect()
#6 /Users/pllx/Web/myapp/bjjs/l9/vendor/laravel/framework/src/Illuminate/Database/Query/Builder.php(3230): Illuminate\\Database\\Query\\Builder->Illuminate\\Database\\Query\\{closure}()
#7 /Users/pllx/Web/myapp/bjjs/l9/vendor/laravel/framework/src/Illuminate/Database/Query/Builder.php(2693): Illuminate\\Database\\Query\\Builder->onceWithColumns(Array, Object(Closure))
#8 /Users/pllx/Web/myapp/bjjs/l9/vendor/laravel/framework/src/Illuminate/Database/Eloquent/Builder.php(710): Illuminate\\Database\\Query\\Builder->get(Array)
#9 /Users/pllx/Web/myapp/bjjs/l9/vendor/laravel/framework/src/Illuminate/Database/Eloquent/Builder.php(694): Illuminate\\Database\\Eloquent\\Builder->getModels(Array)
#10 /Users/pllx/Web/myapp/bjjs/l9/vendor/laravel/framework/src/Illuminate/Database/Eloquent/Model.php(673): Illuminate\\Database\\Eloquent\\Builder->get(Array)
#11 /Users/pllx/Web/myapp/bjjs/l9/vendor/dcat/laravel-admin/src/Extend/Manager.php(445): Illuminate\\Database\\Eloquent\\Model::all()
#12 /Users/pllx/Web/myapp/bjjs/l9/vendor/dcat/laravel-admin/src/Extend/Manager.php(85): Dcat\\Admin\\Extend\\Manager->settings()
#13 /Users/pllx/Web/myapp/bjjs/l9/vendor/dcat/laravel-admin/src/Extend/ServiceProvider.php(282): Dcat\\Admin\\Extend\\Manager->enabled('canbez.dcat-the...')
#14 /Users/pllx/Web/myapp/bjjs/l9/vendor/dcat/laravel-admin/src/Extend/ServiceProvider.php(292): Dcat\\Admin\\Extend\\ServiceProvider->enabled()
#15 /Users/pllx/Web/myapp/bjjs/l9/vendor/dcat/laravel-admin/src/Extend/ServiceProvider.php(88): Dcat\\Admin\\Extend\\ServiceProvider->disabled()
#16 /Users/pllx/Web/myapp/bjjs/l9/vendor/laravel/framework/src/Illuminate/Container/BoundMethod.php(36): Dcat\\Admin\\Extend\\ServiceProvider->boot()
#17 /Users/pllx/Web/myapp/bjjs/l9/vendor/laravel/framework/src/Illuminate/Container/Util.php(41): Illuminate\\Container\\BoundMethod::Illuminate\\Container\\{closure}()
#18 /Users/pllx/Web/myapp/bjjs/l9/vendor/laravel/framework/src/Illuminate/Container/BoundMethod.php(93): Illuminate\\Container\\Util::unwrapIfClosure(Object(Closure))
#19 /Users/pllx/Web/myapp/bjjs/l9/vendor/laravel/framework/src/Illuminate/Container/BoundMethod.php(35): Illuminate\\Container\\BoundMethod::callBoundMethod(Object(Illuminate\\Foundation\\Application), Array, Object(Closure))
#20 /Users/pllx/Web/myapp/bjjs/l9/vendor/laravel/framework/src/Illuminate/Container/Container.php(661): Illuminate\\Container\\BoundMethod::call(Object(Illuminate\\Foundation\\Application), Array, Array, NULL)
#21 /Users/pllx/Web/myapp/bjjs/l9/vendor/laravel/framework/src/Illuminate/Foundation/Application.php(929): Illuminate\\Container\\Container->call(Array)
#22 /Users/pllx/Web/myapp/bjjs/l9/vendor/laravel/framework/src/Illuminate/Foundation/Application.php(910): Illuminate\\Foundation\\Application->bootProvider(Object(Canbez\\DcatTheme\\DcatThemeServiceProvider))
#23 [internal function]: Illuminate\\Foundation\\Application->Illuminate\\Foundation\\{closure}(Object(Canbez\\DcatTheme\\DcatThemeServiceProvider), 15)
#24 /Users/pllx/Web/myapp/bjjs/l9/vendor/laravel/framework/src/Illuminate/Foundation/Application.php(909): array_walk(Array, Object(Closure))
#25 /Users/pllx/Web/myapp/bjjs/l9/vendor/laravel/framework/src/Illuminate/Foundation/Bootstrap/BootProviders.php(17): Illuminate\\Foundation\\Application->boot()
#26 /Users/pllx/Web/myapp/bjjs/l9/vendor/laravel/framework/src/Illuminate/Foundation/Application.php(242): Illuminate\\Foundation\\Bootstrap\\BootProviders->bootstrap(Object(Illuminate\\Foundation\\Application))
#27 /Users/pllx/Web/myapp/bjjs/l9/vendor/laravel/framework/src/Illuminate/Foundation/Console/Kernel.php(383): Illuminate\\Foundation\\Application->bootstrapWith(Array)
#28 /Users/pllx/Web/myapp/bjjs/l9/vendor/laravel/framework/src/Illuminate/Foundation/Console/Kernel.php(153): Illuminate\\Foundation\\Console\\Kernel->bootstrap()
#29 /Users/pllx/Web/myapp/bjjs/l9/artisan(35): Illuminate\\Foundation\\Console\\Kernel->handle(Object(Symfony\\Component\\Console\\Input\\ArgvInput), Object(Symfony\\Component\\Console\\Output\\ConsoleOutput))
#30 {main}

[previous exception] [object] (PDOException(code: 2002): SQLSTATE[HY000] [2002] Connection refused at /Users/pllx/Web/myapp/bjjs/l9/vendor/laravel/framework/src/Illuminate/Database/Connectors/Connector.php:70)
[stacktrace]
#0 /Users/pllx/Web/myapp/bjjs/l9/vendor/laravel/framework/src/Illuminate/Database/Connectors/Connector.php(70): PDO->__construct('mysql:host=127....', 'root', Object(SensitiveParameterValue), Array)
#1 /Users/pllx/Web/myapp/bjjs/l9/vendor/laravel/framework/src/Illuminate/Database/Connectors/Connector.php(100): Illuminate\\Database\\Connectors\\Connector->createPdoConnection('mysql:host=127....', 'root', '', Array)
#2 /Users/pllx/Web/myapp/bjjs/l9/vendor/laravel/framework/src/Illuminate/Database/Connectors/Connector.php(49): Illuminate\\Database\\Connectors\\Connector->tryAgainIfCausedByLostConnection(Object(PDOException), 'mysql:host=127....', 'root', '', Array)
#3 /Users/pllx/Web/myapp/bjjs/l9/vendor/laravel/framework/src/Illuminate/Database/Connectors/MySqlConnector.php(24): Illuminate\\Database\\Connectors\\Connector->createConnection('mysql:host=127....', Array, Array)
#4 /Users/pllx/Web/myapp/bjjs/l9/vendor/laravel/framework/src/Illuminate/Database/Connectors/ConnectionFactory.php(184): Illuminate\\Database\\Connectors\\MySqlConnector->connect(Array)
#5 [internal function]: Illuminate\\Database\\Connectors\\ConnectionFactory->Illuminate\\Database\\Connectors\\{closure}()
#6 /Users/pllx/Web/myapp/bjjs/l9/vendor/laravel/framework/src/Illuminate/Database/Connection.php(1181): call_user_func(Object(Closure))
#7 /Users/pllx/Web/myapp/bjjs/l9/vendor/laravel/framework/src/Illuminate/Database/Connection.php(1217): Illuminate\\Database\\Connection->getPdo()
#8 /Users/pllx/Web/myapp/bjjs/l9/vendor/laravel/framework/src/Illuminate/Database/Connection.php(486): Illuminate\\Database\\Connection->getReadPdo()
#9 /Users/pllx/Web/myapp/bjjs/l9/vendor/laravel/framework/src/Illuminate/Database/Connection.php(414): Illuminate\\Database\\Connection->getPdoForSelect(true)
#10 /Users/pllx/Web/myapp/bjjs/l9/vendor/laravel/framework/src/Illuminate/Database/Connection.php(753): Illuminate\\Database\\Connection->Illuminate\\Database\\{closure}('select * from `...', Array)
#11 /Users/pllx/Web/myapp/bjjs/l9/vendor/laravel/framework/src/Illuminate/Database/Connection.php(899): Illuminate\\Database\\Connection->runQueryCallback('select * from `...', Array, Object(Closure))
#12 /Users/pllx/Web/myapp/bjjs/l9/vendor/laravel/framework/src/Illuminate/Database/Connection.php(878): Illuminate\\Database\\Connection->tryAgainIfCausedByLostConnection(Object(Illuminate\\Database\\QueryException), 'select * from `...', Array, Object(Closure))
#13 /Users/pllx/Web/myapp/bjjs/l9/vendor/laravel/framework/src/Illuminate/Database/Connection.php(722): Illuminate\\Database\\Connection->handleQueryException(Object(Illuminate\\Database\\QueryException), 'select * from `...', Array, Object(Closure))
#14 /Users/pllx/Web/myapp/bjjs/l9/vendor/laravel/framework/src/Illuminate/Database/Connection.php(405): Illuminate\\Database\\Connection->run('select * from `...', Array, Object(Closure))
#15 /Users/pllx/Web/myapp/bjjs/l9/vendor/laravel/framework/src/Illuminate/Database/Query/Builder.php(2705): Illuminate\\Database\\Connection->select('select * from `...', Array, true)
#16 /Users/pllx/Web/myapp/bjjs/l9/vendor/laravel/framework/src/Illuminate/Database/Query/Builder.php(2694): Illuminate\\Database\\Query\\Builder->runSelect()
#17 /Users/pllx/Web/myapp/bjjs/l9/vendor/laravel/framework/src/Illuminate/Database/Query/Builder.php(3230): Illuminate\\Database\\Query\\Builder->Illuminate\\Database\\Query\\{closure}()
#18 /Users/pllx/Web/myapp/bjjs/l9/vendor/laravel/framework/src/Illuminate/Database/Query/Builder.php(2693): Illuminate\\Database\\Query\\Builder->onceWithColumns(Array, Object(Closure))
#19 /Users/pllx/Web/myapp/bjjs/l9/vendor/laravel/framework/src/Illuminate/Database/Eloquent/Builder.php(710): Illuminate\\Database\\Query\\Builder->get(Array)
#20 /Users/pllx/Web/myapp/bjjs/l9/vendor/laravel/framework/src/Illuminate/Database/Eloquent/Builder.php(694): Illuminate\\Database\\Eloquent\\Builder->getModels(Array)
#21 /Users/pllx/Web/myapp/bjjs/l9/vendor/laravel/framework/src/Illuminate/Database/Eloquent/Model.php(673): Illuminate\\Database\\Eloquent\\Builder->get(Array)
#22 /Users/pllx/Web/myapp/bjjs/l9/vendor/dcat/laravel-admin/src/Extend/Manager.php(445): Illuminate\\Database\\Eloquent\\Model::all()
#23 /Users/pllx/Web/myapp/bjjs/l9/vendor/dcat/laravel-admin/src/Extend/Manager.php(85): Dcat\\Admin\\Extend\\Manager->settings()
#24 /Users/pllx/Web/myapp/bjjs/l9/vendor/dcat/laravel-admin/src/Extend/ServiceProvider.php(282): Dcat\\Admin\\Extend\\Manager->enabled('canbez.dcat-the...')
#25 /Users/pllx/Web/myapp/bjjs/l9/vendor/dcat/laravel-admin/src/Extend/ServiceProvider.php(292): Dcat\\Admin\\Extend\\ServiceProvider->enabled()
#26 /Users/pllx/Web/myapp/bjjs/l9/vendor/dcat/laravel-admin/src/Extend/ServiceProvider.php(88): Dcat\\Admin\\Extend\\ServiceProvider->disabled()
#27 /Users/pllx/Web/myapp/bjjs/l9/vendor/laravel/framework/src/Illuminate/Container/BoundMethod.php(36): Dcat\\Admin\\Extend\\ServiceProvider->boot()
#28 /Users/pllx/Web/myapp/bjjs/l9/vendor/laravel/framework/src/Illuminate/Container/Util.php(41): Illuminate\\Container\\BoundMethod::Illuminate\\Container\\{closure}()
#29 /Users/pllx/Web/myapp/bjjs/l9/vendor/laravel/framework/src/Illuminate/Container/BoundMethod.php(93): Illuminate\\Container\\Util::unwrapIfClosure(Object(Closure))
#30 /Users/pllx/Web/myapp/bjjs/l9/vendor/laravel/framework/src/Illuminate/Container/BoundMethod.php(35): Illuminate\\Container\\BoundMethod::callBoundMethod(Object(Illuminate\\Foundation\\Application), Array, Object(Closure))
#31 /Users/pllx/Web/myapp/bjjs/l9/vendor/laravel/framework/src/Illuminate/Container/Container.php(661): Illuminate\\Container\\BoundMethod::call(Object(Illuminate\\Foundation\\Application), Array, Array, NULL)
#32 /Users/pllx/Web/myapp/bjjs/l9/vendor/laravel/framework/src/Illuminate/Foundation/Application.php(929): Illuminate\\Container\\Container->call(Array)
#33 /Users/pllx/Web/myapp/bjjs/l9/vendor/laravel/framework/src/Illuminate/Foundation/Application.php(910): Illuminate\\Foundation\\Application->bootProvider(Object(Canbez\\DcatTheme\\DcatThemeServiceProvider))
#34 [internal function]: Illuminate\\Foundation\\Application->Illuminate\\Foundation\\{closure}(Object(Canbez\\DcatTheme\\DcatThemeServiceProvider), 15)
#35 /Users/pllx/Web/myapp/bjjs/l9/vendor/laravel/framework/src/Illuminate/Foundation/Application.php(909): array_walk(Array, Object(Closure))
#36 /Users/pllx/Web/myapp/bjjs/l9/vendor/laravel/framework/src/Illuminate/Foundation/Bootstrap/BootProviders.php(17): Illuminate\\Foundation\\Application->boot()
#37 /Users/pllx/Web/myapp/bjjs/l9/vendor/laravel/framework/src/Illuminate/Foundation/Application.php(242): Illuminate\\Foundation\\Bootstrap\\BootProviders->bootstrap(Object(Illuminate\\Foundation\\Application))
#38 /Users/pllx/Web/myapp/bjjs/l9/vendor/laravel/framework/src/Illuminate/Foundation/Console/Kernel.php(383): Illuminate\\Foundation\\Application->bootstrapWith(Array)
#39 /Users/pllx/Web/myapp/bjjs/l9/vendor/laravel/framework/src/Illuminate/Foundation/Console/Kernel.php(153): Illuminate\\Foundation\\Console\\Kernel->bootstrap()
#40 /Users/pllx/Web/myapp/bjjs/l9/artisan(35): Illuminate\\Foundation\\Console\\Kernel->handle(Object(Symfony\\Component\\Console\\Input\\ArgvInput), Object(Symfony\\Component\\Console\\Output\\ConsoleOutput))
#41 {main}
"} 
[2024-05-23 14:50:38] local.ERROR: SQLSTATE[HY000] [2002] Connection refused (SQL: select * from `admin_extensions`) {"exception":"[object] (Illuminate\\Database\\QueryException(code: 2002): SQLSTATE[HY000] [2002] Connection refused (SQL: select * from `admin_extensions`) at /Users/pllx/Web/myapp/bjjs/l9/vendor/laravel/framework/src/Illuminate/Database/Connection.php:760)
[stacktrace]
#0 /Users/pllx/Web/myapp/bjjs/l9/vendor/laravel/framework/src/Illuminate/Database/Connection.php(899): Illuminate\\Database\\Connection->runQueryCallback('select * from `...', Array, Object(Closure))
#1 /Users/pllx/Web/myapp/bjjs/l9/vendor/laravel/framework/src/Illuminate/Database/Connection.php(878): Illuminate\\Database\\Connection->tryAgainIfCausedByLostConnection(Object(Illuminate\\Database\\QueryException), 'select * from `...', Array, Object(Closure))
#2 /Users/pllx/Web/myapp/bjjs/l9/vendor/laravel/framework/src/Illuminate/Database/Connection.php(722): Illuminate\\Database\\Connection->handleQueryException(Object(Illuminate\\Database\\QueryException), 'select * from `...', Array, Object(Closure))
#3 /Users/pllx/Web/myapp/bjjs/l9/vendor/laravel/framework/src/Illuminate/Database/Connection.php(405): Illuminate\\Database\\Connection->run('select * from `...', Array, Object(Closure))
#4 /Users/pllx/Web/myapp/bjjs/l9/vendor/laravel/framework/src/Illuminate/Database/Query/Builder.php(2705): Illuminate\\Database\\Connection->select('select * from `...', Array, true)
#5 /Users/pllx/Web/myapp/bjjs/l9/vendor/laravel/framework/src/Illuminate/Database/Query/Builder.php(2694): Illuminate\\Database\\Query\\Builder->runSelect()
#6 /Users/pllx/Web/myapp/bjjs/l9/vendor/laravel/framework/src/Illuminate/Database/Query/Builder.php(3230): Illuminate\\Database\\Query\\Builder->Illuminate\\Database\\Query\\{closure}()
#7 /Users/pllx/Web/myapp/bjjs/l9/vendor/laravel/framework/src/Illuminate/Database/Query/Builder.php(2693): Illuminate\\Database\\Query\\Builder->onceWithColumns(Array, Object(Closure))
#8 /Users/pllx/Web/myapp/bjjs/l9/vendor/laravel/framework/src/Illuminate/Database/Eloquent/Builder.php(710): Illuminate\\Database\\Query\\Builder->get(Array)
#9 /Users/pllx/Web/myapp/bjjs/l9/vendor/laravel/framework/src/Illuminate/Database/Eloquent/Builder.php(694): Illuminate\\Database\\Eloquent\\Builder->getModels(Array)
#10 /Users/pllx/Web/myapp/bjjs/l9/vendor/laravel/framework/src/Illuminate/Database/Eloquent/Model.php(673): Illuminate\\Database\\Eloquent\\Builder->get(Array)
#11 /Users/pllx/Web/myapp/bjjs/l9/vendor/dcat/laravel-admin/src/Extend/Manager.php(445): Illuminate\\Database\\Eloquent\\Model::all()
#12 /Users/pllx/Web/myapp/bjjs/l9/vendor/dcat/laravel-admin/src/Extend/Manager.php(85): Dcat\\Admin\\Extend\\Manager->settings()
#13 /Users/pllx/Web/myapp/bjjs/l9/vendor/dcat/laravel-admin/src/Extend/ServiceProvider.php(282): Dcat\\Admin\\Extend\\Manager->enabled('canbez.dcat-the...')
#14 /Users/pllx/Web/myapp/bjjs/l9/vendor/dcat/laravel-admin/src/Extend/ServiceProvider.php(292): Dcat\\Admin\\Extend\\ServiceProvider->enabled()
#15 /Users/pllx/Web/myapp/bjjs/l9/vendor/dcat/laravel-admin/src/Extend/ServiceProvider.php(88): Dcat\\Admin\\Extend\\ServiceProvider->disabled()
#16 /Users/pllx/Web/myapp/bjjs/l9/vendor/laravel/framework/src/Illuminate/Container/BoundMethod.php(36): Dcat\\Admin\\Extend\\ServiceProvider->boot()
#17 /Users/pllx/Web/myapp/bjjs/l9/vendor/laravel/framework/src/Illuminate/Container/Util.php(41): Illuminate\\Container\\BoundMethod::Illuminate\\Container\\{closure}()
#18 /Users/pllx/Web/myapp/bjjs/l9/vendor/laravel/framework/src/Illuminate/Container/BoundMethod.php(93): Illuminate\\Container\\Util::unwrapIfClosure(Object(Closure))
#19 /Users/pllx/Web/myapp/bjjs/l9/vendor/laravel/framework/src/Illuminate/Container/BoundMethod.php(35): Illuminate\\Container\\BoundMethod::callBoundMethod(Object(Illuminate\\Foundation\\Application), Array, Object(Closure))
#20 /Users/pllx/Web/myapp/bjjs/l9/vendor/laravel/framework/src/Illuminate/Container/Container.php(661): Illuminate\\Container\\BoundMethod::call(Object(Illuminate\\Foundation\\Application), Array, Array, NULL)
#21 /Users/pllx/Web/myapp/bjjs/l9/vendor/laravel/framework/src/Illuminate/Foundation/Application.php(929): Illuminate\\Container\\Container->call(Array)
#22 /Users/pllx/Web/myapp/bjjs/l9/vendor/laravel/framework/src/Illuminate/Foundation/Application.php(910): Illuminate\\Foundation\\Application->bootProvider(Object(Canbez\\DcatTheme\\DcatThemeServiceProvider))
#23 [internal function]: Illuminate\\Foundation\\Application->Illuminate\\Foundation\\{closure}(Object(Canbez\\DcatTheme\\DcatThemeServiceProvider), 15)
#24 /Users/pllx/Web/myapp/bjjs/l9/vendor/laravel/framework/src/Illuminate/Foundation/Application.php(909): array_walk(Array, Object(Closure))
#25 /Users/pllx/Web/myapp/bjjs/l9/vendor/laravel/framework/src/Illuminate/Foundation/Bootstrap/BootProviders.php(17): Illuminate\\Foundation\\Application->boot()
#26 /Users/pllx/Web/myapp/bjjs/l9/vendor/laravel/framework/src/Illuminate/Foundation/Application.php(242): Illuminate\\Foundation\\Bootstrap\\BootProviders->bootstrap(Object(Illuminate\\Foundation\\Application))
#27 /Users/pllx/Web/myapp/bjjs/l9/vendor/laravel/framework/src/Illuminate/Foundation/Console/Kernel.php(383): Illuminate\\Foundation\\Application->bootstrapWith(Array)
#28 /Users/pllx/Web/myapp/bjjs/l9/vendor/laravel/framework/src/Illuminate/Foundation/Console/Kernel.php(153): Illuminate\\Foundation\\Console\\Kernel->bootstrap()
#29 /Users/pllx/Web/myapp/bjjs/l9/artisan(35): Illuminate\\Foundation\\Console\\Kernel->handle(Object(Symfony\\Component\\Console\\Input\\ArgvInput), Object(Symfony\\Component\\Console\\Output\\ConsoleOutput))
#30 {main}

[previous exception] [object] (PDOException(code: 2002): SQLSTATE[HY000] [2002] Connection refused at /Users/pllx/Web/myapp/bjjs/l9/vendor/laravel/framework/src/Illuminate/Database/Connectors/Connector.php:70)
[stacktrace]
#0 /Users/pllx/Web/myapp/bjjs/l9/vendor/laravel/framework/src/Illuminate/Database/Connectors/Connector.php(70): PDO->__construct('mysql:host=127....', 'root', Object(SensitiveParameterValue), Array)
#1 /Users/pllx/Web/myapp/bjjs/l9/vendor/laravel/framework/src/Illuminate/Database/Connectors/Connector.php(100): Illuminate\\Database\\Connectors\\Connector->createPdoConnection('mysql:host=127....', 'root', '', Array)
#2 /Users/pllx/Web/myapp/bjjs/l9/vendor/laravel/framework/src/Illuminate/Database/Connectors/Connector.php(49): Illuminate\\Database\\Connectors\\Connector->tryAgainIfCausedByLostConnection(Object(PDOException), 'mysql:host=127....', 'root', '', Array)
#3 /Users/pllx/Web/myapp/bjjs/l9/vendor/laravel/framework/src/Illuminate/Database/Connectors/MySqlConnector.php(24): Illuminate\\Database\\Connectors\\Connector->createConnection('mysql:host=127....', Array, Array)
#4 /Users/pllx/Web/myapp/bjjs/l9/vendor/laravel/framework/src/Illuminate/Database/Connectors/ConnectionFactory.php(184): Illuminate\\Database\\Connectors\\MySqlConnector->connect(Array)
#5 [internal function]: Illuminate\\Database\\Connectors\\ConnectionFactory->Illuminate\\Database\\Connectors\\{closure}()
#6 /Users/pllx/Web/myapp/bjjs/l9/vendor/laravel/framework/src/Illuminate/Database/Connection.php(1181): call_user_func(Object(Closure))
#7 /Users/pllx/Web/myapp/bjjs/l9/vendor/laravel/framework/src/Illuminate/Database/Connection.php(1217): Illuminate\\Database\\Connection->getPdo()
#8 /Users/pllx/Web/myapp/bjjs/l9/vendor/laravel/framework/src/Illuminate/Database/Connection.php(486): Illuminate\\Database\\Connection->getReadPdo()
#9 /Users/pllx/Web/myapp/bjjs/l9/vendor/laravel/framework/src/Illuminate/Database/Connection.php(414): Illuminate\\Database\\Connection->getPdoForSelect(true)
#10 /Users/pllx/Web/myapp/bjjs/l9/vendor/laravel/framework/src/Illuminate/Database/Connection.php(753): Illuminate\\Database\\Connection->Illuminate\\Database\\{closure}('select * from `...', Array)
#11 /Users/pllx/Web/myapp/bjjs/l9/vendor/laravel/framework/src/Illuminate/Database/Connection.php(899): Illuminate\\Database\\Connection->runQueryCallback('select * from `...', Array, Object(Closure))
#12 /Users/pllx/Web/myapp/bjjs/l9/vendor/laravel/framework/src/Illuminate/Database/Connection.php(878): Illuminate\\Database\\Connection->tryAgainIfCausedByLostConnection(Object(Illuminate\\Database\\QueryException), 'select * from `...', Array, Object(Closure))
#13 /Users/pllx/Web/myapp/bjjs/l9/vendor/laravel/framework/src/Illuminate/Database/Connection.php(722): Illuminate\\Database\\Connection->handleQueryException(Object(Illuminate\\Database\\QueryException), 'select * from `...', Array, Object(Closure))
#14 /Users/pllx/Web/myapp/bjjs/l9/vendor/laravel/framework/src/Illuminate/Database/Connection.php(405): Illuminate\\Database\\Connection->run('select * from `...', Array, Object(Closure))
#15 /Users/pllx/Web/myapp/bjjs/l9/vendor/laravel/framework/src/Illuminate/Database/Query/Builder.php(2705): Illuminate\\Database\\Connection->select('select * from `...', Array, true)
#16 /Users/pllx/Web/myapp/bjjs/l9/vendor/laravel/framework/src/Illuminate/Database/Query/Builder.php(2694): Illuminate\\Database\\Query\\Builder->runSelect()
#17 /Users/pllx/Web/myapp/bjjs/l9/vendor/laravel/framework/src/Illuminate/Database/Query/Builder.php(3230): Illuminate\\Database\\Query\\Builder->Illuminate\\Database\\Query\\{closure}()
#18 /Users/pllx/Web/myapp/bjjs/l9/vendor/laravel/framework/src/Illuminate/Database/Query/Builder.php(2693): Illuminate\\Database\\Query\\Builder->onceWithColumns(Array, Object(Closure))
#19 /Users/pllx/Web/myapp/bjjs/l9/vendor/laravel/framework/src/Illuminate/Database/Eloquent/Builder.php(710): Illuminate\\Database\\Query\\Builder->get(Array)
#20 /Users/pllx/Web/myapp/bjjs/l9/vendor/laravel/framework/src/Illuminate/Database/Eloquent/Builder.php(694): Illuminate\\Database\\Eloquent\\Builder->getModels(Array)
#21 /Users/pllx/Web/myapp/bjjs/l9/vendor/laravel/framework/src/Illuminate/Database/Eloquent/Model.php(673): Illuminate\\Database\\Eloquent\\Builder->get(Array)
#22 /Users/pllx/Web/myapp/bjjs/l9/vendor/dcat/laravel-admin/src/Extend/Manager.php(445): Illuminate\\Database\\Eloquent\\Model::all()
#23 /Users/pllx/Web/myapp/bjjs/l9/vendor/dcat/laravel-admin/src/Extend/Manager.php(85): Dcat\\Admin\\Extend\\Manager->settings()
#24 /Users/pllx/Web/myapp/bjjs/l9/vendor/dcat/laravel-admin/src/Extend/ServiceProvider.php(282): Dcat\\Admin\\Extend\\Manager->enabled('canbez.dcat-the...')
#25 /Users/pllx/Web/myapp/bjjs/l9/vendor/dcat/laravel-admin/src/Extend/ServiceProvider.php(292): Dcat\\Admin\\Extend\\ServiceProvider->enabled()
#26 /Users/pllx/Web/myapp/bjjs/l9/vendor/dcat/laravel-admin/src/Extend/ServiceProvider.php(88): Dcat\\Admin\\Extend\\ServiceProvider->disabled()
#27 /Users/pllx/Web/myapp/bjjs/l9/vendor/laravel/framework/src/Illuminate/Container/BoundMethod.php(36): Dcat\\Admin\\Extend\\ServiceProvider->boot()
#28 /Users/pllx/Web/myapp/bjjs/l9/vendor/laravel/framework/src/Illuminate/Container/Util.php(41): Illuminate\\Container\\BoundMethod::Illuminate\\Container\\{closure}()
#29 /Users/pllx/Web/myapp/bjjs/l9/vendor/laravel/framework/src/Illuminate/Container/BoundMethod.php(93): Illuminate\\Container\\Util::unwrapIfClosure(Object(Closure))
#30 /Users/pllx/Web/myapp/bjjs/l9/vendor/laravel/framework/src/Illuminate/Container/BoundMethod.php(35): Illuminate\\Container\\BoundMethod::callBoundMethod(Object(Illuminate\\Foundation\\Application), Array, Object(Closure))
#31 /Users/pllx/Web/myapp/bjjs/l9/vendor/laravel/framework/src/Illuminate/Container/Container.php(661): Illuminate\\Container\\BoundMethod::call(Object(Illuminate\\Foundation\\Application), Array, Array, NULL)
#32 /Users/pllx/Web/myapp/bjjs/l9/vendor/laravel/framework/src/Illuminate/Foundation/Application.php(929): Illuminate\\Container\\Container->call(Array)
#33 /Users/pllx/Web/myapp/bjjs/l9/vendor/laravel/framework/src/Illuminate/Foundation/Application.php(910): Illuminate\\Foundation\\Application->bootProvider(Object(Canbez\\DcatTheme\\DcatThemeServiceProvider))
#34 [internal function]: Illuminate\\Foundation\\Application->Illuminate\\Foundation\\{closure}(Object(Canbez\\DcatTheme\\DcatThemeServiceProvider), 15)
#35 /Users/pllx/Web/myapp/bjjs/l9/vendor/laravel/framework/src/Illuminate/Foundation/Application.php(909): array_walk(Array, Object(Closure))
#36 /Users/pllx/Web/myapp/bjjs/l9/vendor/laravel/framework/src/Illuminate/Foundation/Bootstrap/BootProviders.php(17): Illuminate\\Foundation\\Application->boot()
#37 /Users/pllx/Web/myapp/bjjs/l9/vendor/laravel/framework/src/Illuminate/Foundation/Application.php(242): Illuminate\\Foundation\\Bootstrap\\BootProviders->bootstrap(Object(Illuminate\\Foundation\\Application))
#38 /Users/pllx/Web/myapp/bjjs/l9/vendor/laravel/framework/src/Illuminate/Foundation/Console/Kernel.php(383): Illuminate\\Foundation\\Application->bootstrapWith(Array)
#39 /Users/pllx/Web/myapp/bjjs/l9/vendor/laravel/framework/src/Illuminate/Foundation/Console/Kernel.php(153): Illuminate\\Foundation\\Console\\Kernel->bootstrap()
#40 /Users/pllx/Web/myapp/bjjs/l9/artisan(35): Illuminate\\Foundation\\Console\\Kernel->handle(Object(Symfony\\Component\\Console\\Input\\ArgvInput), Object(Symfony\\Component\\Console\\Output\\ConsoleOutput))
#41 {main}
"} 
