[2024-05-25 12:43:37] local.ERROR: SQLSTATE[HY000] [2002] Connection refused (SQL: select * from `admin_extensions`) {"exception":"[object] (Illuminate\\Database\\QueryException(code: 2002): SQLSTATE[HY000] [2002] Connection refused (SQL: select * from `admin_extensions`) at /Users/pllx/Web/myapp/bjjs/l9/vendor/laravel/framework/src/Illuminate/Database/Connection.php:760)
[stacktrace]
#0 /Users/pllx/Web/myapp/bjjs/l9/vendor/laravel/framework/src/Illuminate/Database/Connection.php(899): Illuminate\\Database\\Connection->runQueryCallback('select * from `...', Array, Object(Closure))
#1 /Users/pllx/Web/myapp/bjjs/l9/vendor/laravel/framework/src/Illuminate/Database/Connection.php(878): Illuminate\\Database\\Connection->tryAgainIfCausedByLostConnection(Object(Illuminate\\Database\\QueryException), 'select * from `...', Array, Object(Closure))
#2 /Users/pllx/Web/myapp/bjjs/l9/vendor/laravel/framework/src/Illuminate/Database/Connection.php(722): Illuminate\\Database\\Connection->handleQueryException(Object(Illuminate\\Database\\QueryException), 'select * from `...', Array, Object(Closure))
#3 /Users/pllx/Web/myapp/bjjs/l9/vendor/laravel/framework/src/Illuminate/Database/Connection.php(405): Illuminate\\Database\\Connection->run('select * from `...', Array, Object(Closure))
#4 /Users/pllx/Web/myapp/bjjs/l9/vendor/laravel/framework/src/Illuminate/Database/Query/Builder.php(2705): Illuminate\\Database\\Connection->select('select * from `...', Array, true)
#5 /Users/pllx/Web/myapp/bjjs/l9/vendor/laravel/framework/src/Illuminate/Database/Query/Builder.php(2694): Illuminate\\Database\\Query\\Builder->runSelect()
#6 /Users/pllx/Web/myapp/bjjs/l9/vendor/laravel/framework/src/Illuminate/Database/Query/Builder.php(3230): Illuminate\\Database\\Query\\Builder->Illuminate\\Database\\Query\\{closure}()
#7 /Users/pllx/Web/myapp/bjjs/l9/vendor/laravel/framework/src/Illuminate/Database/Query/Builder.php(2693): Illuminate\\Database\\Query\\Builder->onceWithColumns(Array, Object(Closure))
#8 /Users/pllx/Web/myapp/bjjs/l9/vendor/laravel/framework/src/Illuminate/Database/Eloquent/Builder.php(710): Illuminate\\Database\\Query\\Builder->get(Array)
#9 /Users/pllx/Web/myapp/bjjs/l9/vendor/laravel/framework/src/Illuminate/Database/Eloquent/Builder.php(694): Illuminate\\Database\\Eloquent\\Builder->getModels(Array)
#10 /Users/pllx/Web/myapp/bjjs/l9/vendor/laravel/framework/src/Illuminate/Database/Eloquent/Model.php(673): Illuminate\\Database\\Eloquent\\Builder->get(Array)
#11 /Users/pllx/Web/myapp/bjjs/l9/vendor/dcat/laravel-admin/src/Extend/Manager.php(445): Illuminate\\Database\\Eloquent\\Model::all()
#12 /Users/pllx/Web/myapp/bjjs/l9/vendor/dcat/laravel-admin/src/Extend/Manager.php(85): Dcat\\Admin\\Extend\\Manager->settings()
#13 /Users/pllx/Web/myapp/bjjs/l9/vendor/dcat/laravel-admin/src/Extend/ServiceProvider.php(282): Dcat\\Admin\\Extend\\Manager->enabled('canbez.dcat-the...')
#14 /Users/pllx/Web/myapp/bjjs/l9/vendor/dcat/laravel-admin/src/Extend/ServiceProvider.php(292): Dcat\\Admin\\Extend\\ServiceProvider->enabled()
#15 /Users/pllx/Web/myapp/bjjs/l9/vendor/dcat/laravel-admin/src/Extend/ServiceProvider.php(88): Dcat\\Admin\\Extend\\ServiceProvider->disabled()
#16 /Users/pllx/Web/myapp/bjjs/l9/vendor/laravel/framework/src/Illuminate/Container/BoundMethod.php(36): Dcat\\Admin\\Extend\\ServiceProvider->boot()
#17 /Users/pllx/Web/myapp/bjjs/l9/vendor/laravel/framework/src/Illuminate/Container/Util.php(41): Illuminate\\Container\\BoundMethod::Illuminate\\Container\\{closure}()
#18 /Users/pllx/Web/myapp/bjjs/l9/vendor/laravel/framework/src/Illuminate/Container/BoundMethod.php(93): Illuminate\\Container\\Util::unwrapIfClosure(Object(Closure))
#19 /Users/pllx/Web/myapp/bjjs/l9/vendor/laravel/framework/src/Illuminate/Container/BoundMethod.php(35): Illuminate\\Container\\BoundMethod::callBoundMethod(Object(Illuminate\\Foundation\\Application), Array, Object(Closure))
#20 /Users/pllx/Web/myapp/bjjs/l9/vendor/laravel/framework/src/Illuminate/Container/Container.php(661): Illuminate\\Container\\BoundMethod::call(Object(Illuminate\\Foundation\\Application), Array, Array, NULL)
#21 /Users/pllx/Web/myapp/bjjs/l9/vendor/laravel/framework/src/Illuminate/Foundation/Application.php(929): Illuminate\\Container\\Container->call(Array)
#22 /Users/pllx/Web/myapp/bjjs/l9/vendor/laravel/framework/src/Illuminate/Foundation/Application.php(910): Illuminate\\Foundation\\Application->bootProvider(Object(Canbez\\DcatTheme\\DcatThemeServiceProvider))
#23 [internal function]: Illuminate\\Foundation\\Application->Illuminate\\Foundation\\{closure}(Object(Canbez\\DcatTheme\\DcatThemeServiceProvider), 15)
#24 /Users/pllx/Web/myapp/bjjs/l9/vendor/laravel/framework/src/Illuminate/Foundation/Application.php(909): array_walk(Array, Object(Closure))
#25 /Users/pllx/Web/myapp/bjjs/l9/vendor/laravel/framework/src/Illuminate/Foundation/Bootstrap/BootProviders.php(17): Illuminate\\Foundation\\Application->boot()
#26 /Users/pllx/Web/myapp/bjjs/l9/vendor/laravel/framework/src/Illuminate/Foundation/Application.php(242): Illuminate\\Foundation\\Bootstrap\\BootProviders->bootstrap(Object(Illuminate\\Foundation\\Application))
#27 /Users/pllx/Web/myapp/bjjs/l9/vendor/laravel/framework/src/Illuminate/Foundation/Console/Kernel.php(383): Illuminate\\Foundation\\Application->bootstrapWith(Array)
#28 /Users/pllx/Web/myapp/bjjs/l9/vendor/laravel/framework/src/Illuminate/Foundation/Console/Kernel.php(153): Illuminate\\Foundation\\Console\\Kernel->bootstrap()
#29 /Users/pllx/Web/myapp/bjjs/l9/artisan(35): Illuminate\\Foundation\\Console\\Kernel->handle(Object(Symfony\\Component\\Console\\Input\\ArgvInput), Object(Symfony\\Component\\Console\\Output\\ConsoleOutput))
#30 {main}

[previous exception] [object] (PDOException(code: 2002): SQLSTATE[HY000] [2002] Connection refused at /Users/pllx/Web/myapp/bjjs/l9/vendor/laravel/framework/src/Illuminate/Database/Connectors/Connector.php:70)
[stacktrace]
#0 /Users/pllx/Web/myapp/bjjs/l9/vendor/laravel/framework/src/Illuminate/Database/Connectors/Connector.php(70): PDO->__construct('mysql:host=127....', 'root', Object(SensitiveParameterValue), Array)
#1 /Users/pllx/Web/myapp/bjjs/l9/vendor/laravel/framework/src/Illuminate/Database/Connectors/Connector.php(100): Illuminate\\Database\\Connectors\\Connector->createPdoConnection('mysql:host=127....', 'root', '', Array)
#2 /Users/pllx/Web/myapp/bjjs/l9/vendor/laravel/framework/src/Illuminate/Database/Connectors/Connector.php(49): Illuminate\\Database\\Connectors\\Connector->tryAgainIfCausedByLostConnection(Object(PDOException), 'mysql:host=127....', 'root', '', Array)
#3 /Users/pllx/Web/myapp/bjjs/l9/vendor/laravel/framework/src/Illuminate/Database/Connectors/MySqlConnector.php(24): Illuminate\\Database\\Connectors\\Connector->createConnection('mysql:host=127....', Array, Array)
#4 /Users/pllx/Web/myapp/bjjs/l9/vendor/laravel/framework/src/Illuminate/Database/Connectors/ConnectionFactory.php(184): Illuminate\\Database\\Connectors\\MySqlConnector->connect(Array)
#5 [internal function]: Illuminate\\Database\\Connectors\\ConnectionFactory->Illuminate\\Database\\Connectors\\{closure}()
#6 /Users/pllx/Web/myapp/bjjs/l9/vendor/laravel/framework/src/Illuminate/Database/Connection.php(1181): call_user_func(Object(Closure))
#7 /Users/pllx/Web/myapp/bjjs/l9/vendor/laravel/framework/src/Illuminate/Database/Connection.php(1217): Illuminate\\Database\\Connection->getPdo()
#8 /Users/pllx/Web/myapp/bjjs/l9/vendor/laravel/framework/src/Illuminate/Database/Connection.php(486): Illuminate\\Database\\Connection->getReadPdo()
#9 /Users/pllx/Web/myapp/bjjs/l9/vendor/laravel/framework/src/Illuminate/Database/Connection.php(414): Illuminate\\Database\\Connection->getPdoForSelect(true)
#10 /Users/pllx/Web/myapp/bjjs/l9/vendor/laravel/framework/src/Illuminate/Database/Connection.php(753): Illuminate\\Database\\Connection->Illuminate\\Database\\{closure}('select * from `...', Array)
#11 /Users/pllx/Web/myapp/bjjs/l9/vendor/laravel/framework/src/Illuminate/Database/Connection.php(899): Illuminate\\Database\\Connection->runQueryCallback('select * from `...', Array, Object(Closure))
#12 /Users/pllx/Web/myapp/bjjs/l9/vendor/laravel/framework/src/Illuminate/Database/Connection.php(878): Illuminate\\Database\\Connection->tryAgainIfCausedByLostConnection(Object(Illuminate\\Database\\QueryException), 'select * from `...', Array, Object(Closure))
#13 /Users/pllx/Web/myapp/bjjs/l9/vendor/laravel/framework/src/Illuminate/Database/Connection.php(722): Illuminate\\Database\\Connection->handleQueryException(Object(Illuminate\\Database\\QueryException), 'select * from `...', Array, Object(Closure))
#14 /Users/pllx/Web/myapp/bjjs/l9/vendor/laravel/framework/src/Illuminate/Database/Connection.php(405): Illuminate\\Database\\Connection->run('select * from `...', Array, Object(Closure))
#15 /Users/pllx/Web/myapp/bjjs/l9/vendor/laravel/framework/src/Illuminate/Database/Query/Builder.php(2705): Illuminate\\Database\\Connection->select('select * from `...', Array, true)
#16 /Users/pllx/Web/myapp/bjjs/l9/vendor/laravel/framework/src/Illuminate/Database/Query/Builder.php(2694): Illuminate\\Database\\Query\\Builder->runSelect()
#17 /Users/pllx/Web/myapp/bjjs/l9/vendor/laravel/framework/src/Illuminate/Database/Query/Builder.php(3230): Illuminate\\Database\\Query\\Builder->Illuminate\\Database\\Query\\{closure}()
#18 /Users/pllx/Web/myapp/bjjs/l9/vendor/laravel/framework/src/Illuminate/Database/Query/Builder.php(2693): Illuminate\\Database\\Query\\Builder->onceWithColumns(Array, Object(Closure))
#19 /Users/pllx/Web/myapp/bjjs/l9/vendor/laravel/framework/src/Illuminate/Database/Eloquent/Builder.php(710): Illuminate\\Database\\Query\\Builder->get(Array)
#20 /Users/pllx/Web/myapp/bjjs/l9/vendor/laravel/framework/src/Illuminate/Database/Eloquent/Builder.php(694): Illuminate\\Database\\Eloquent\\Builder->getModels(Array)
#21 /Users/pllx/Web/myapp/bjjs/l9/vendor/laravel/framework/src/Illuminate/Database/Eloquent/Model.php(673): Illuminate\\Database\\Eloquent\\Builder->get(Array)
#22 /Users/pllx/Web/myapp/bjjs/l9/vendor/dcat/laravel-admin/src/Extend/Manager.php(445): Illuminate\\Database\\Eloquent\\Model::all()
#23 /Users/pllx/Web/myapp/bjjs/l9/vendor/dcat/laravel-admin/src/Extend/Manager.php(85): Dcat\\Admin\\Extend\\Manager->settings()
#24 /Users/pllx/Web/myapp/bjjs/l9/vendor/dcat/laravel-admin/src/Extend/ServiceProvider.php(282): Dcat\\Admin\\Extend\\Manager->enabled('canbez.dcat-the...')
#25 /Users/pllx/Web/myapp/bjjs/l9/vendor/dcat/laravel-admin/src/Extend/ServiceProvider.php(292): Dcat\\Admin\\Extend\\ServiceProvider->enabled()
#26 /Users/pllx/Web/myapp/bjjs/l9/vendor/dcat/laravel-admin/src/Extend/ServiceProvider.php(88): Dcat\\Admin\\Extend\\ServiceProvider->disabled()
#27 /Users/pllx/Web/myapp/bjjs/l9/vendor/laravel/framework/src/Illuminate/Container/BoundMethod.php(36): Dcat\\Admin\\Extend\\ServiceProvider->boot()
#28 /Users/pllx/Web/myapp/bjjs/l9/vendor/laravel/framework/src/Illuminate/Container/Util.php(41): Illuminate\\Container\\BoundMethod::Illuminate\\Container\\{closure}()
#29 /Users/pllx/Web/myapp/bjjs/l9/vendor/laravel/framework/src/Illuminate/Container/BoundMethod.php(93): Illuminate\\Container\\Util::unwrapIfClosure(Object(Closure))
#30 /Users/pllx/Web/myapp/bjjs/l9/vendor/laravel/framework/src/Illuminate/Container/BoundMethod.php(35): Illuminate\\Container\\BoundMethod::callBoundMethod(Object(Illuminate\\Foundation\\Application), Array, Object(Closure))
#31 /Users/pllx/Web/myapp/bjjs/l9/vendor/laravel/framework/src/Illuminate/Container/Container.php(661): Illuminate\\Container\\BoundMethod::call(Object(Illuminate\\Foundation\\Application), Array, Array, NULL)
#32 /Users/pllx/Web/myapp/bjjs/l9/vendor/laravel/framework/src/Illuminate/Foundation/Application.php(929): Illuminate\\Container\\Container->call(Array)
#33 /Users/pllx/Web/myapp/bjjs/l9/vendor/laravel/framework/src/Illuminate/Foundation/Application.php(910): Illuminate\\Foundation\\Application->bootProvider(Object(Canbez\\DcatTheme\\DcatThemeServiceProvider))
#34 [internal function]: Illuminate\\Foundation\\Application->Illuminate\\Foundation\\{closure}(Object(Canbez\\DcatTheme\\DcatThemeServiceProvider), 15)
#35 /Users/pllx/Web/myapp/bjjs/l9/vendor/laravel/framework/src/Illuminate/Foundation/Application.php(909): array_walk(Array, Object(Closure))
#36 /Users/pllx/Web/myapp/bjjs/l9/vendor/laravel/framework/src/Illuminate/Foundation/Bootstrap/BootProviders.php(17): Illuminate\\Foundation\\Application->boot()
#37 /Users/pllx/Web/myapp/bjjs/l9/vendor/laravel/framework/src/Illuminate/Foundation/Application.php(242): Illuminate\\Foundation\\Bootstrap\\BootProviders->bootstrap(Object(Illuminate\\Foundation\\Application))
#38 /Users/pllx/Web/myapp/bjjs/l9/vendor/laravel/framework/src/Illuminate/Foundation/Console/Kernel.php(383): Illuminate\\Foundation\\Application->bootstrapWith(Array)
#39 /Users/pllx/Web/myapp/bjjs/l9/vendor/laravel/framework/src/Illuminate/Foundation/Console/Kernel.php(153): Illuminate\\Foundation\\Console\\Kernel->bootstrap()
#40 /Users/pllx/Web/myapp/bjjs/l9/artisan(35): Illuminate\\Foundation\\Console\\Kernel->handle(Object(Symfony\\Component\\Console\\Input\\ArgvInput), Object(Symfony\\Component\\Console\\Output\\ConsoleOutput))
#41 {main}
"} 
[2024-05-25 13:05:47] local.ERROR: SQLSTATE[HY000] [2002] Connection refused (SQL: select * from `admin_extensions`) {"exception":"[object] (Illuminate\\Database\\QueryException(code: 2002): SQLSTATE[HY000] [2002] Connection refused (SQL: select * from `admin_extensions`) at /Users/pllx/Web/myapp/bjjs/l9/vendor/laravel/framework/src/Illuminate/Database/Connection.php:760)
[stacktrace]
#0 /Users/pllx/Web/myapp/bjjs/l9/vendor/laravel/framework/src/Illuminate/Database/Connection.php(899): Illuminate\\Database\\Connection->runQueryCallback('select * from `...', Array, Object(Closure))
#1 /Users/pllx/Web/myapp/bjjs/l9/vendor/laravel/framework/src/Illuminate/Database/Connection.php(878): Illuminate\\Database\\Connection->tryAgainIfCausedByLostConnection(Object(Illuminate\\Database\\QueryException), 'select * from `...', Array, Object(Closure))
#2 /Users/pllx/Web/myapp/bjjs/l9/vendor/laravel/framework/src/Illuminate/Database/Connection.php(722): Illuminate\\Database\\Connection->handleQueryException(Object(Illuminate\\Database\\QueryException), 'select * from `...', Array, Object(Closure))
#3 /Users/pllx/Web/myapp/bjjs/l9/vendor/laravel/framework/src/Illuminate/Database/Connection.php(405): Illuminate\\Database\\Connection->run('select * from `...', Array, Object(Closure))
#4 /Users/pllx/Web/myapp/bjjs/l9/vendor/laravel/framework/src/Illuminate/Database/Query/Builder.php(2705): Illuminate\\Database\\Connection->select('select * from `...', Array, true)
#5 /Users/pllx/Web/myapp/bjjs/l9/vendor/laravel/framework/src/Illuminate/Database/Query/Builder.php(2694): Illuminate\\Database\\Query\\Builder->runSelect()
#6 /Users/pllx/Web/myapp/bjjs/l9/vendor/laravel/framework/src/Illuminate/Database/Query/Builder.php(3230): Illuminate\\Database\\Query\\Builder->Illuminate\\Database\\Query\\{closure}()
#7 /Users/pllx/Web/myapp/bjjs/l9/vendor/laravel/framework/src/Illuminate/Database/Query/Builder.php(2693): Illuminate\\Database\\Query\\Builder->onceWithColumns(Array, Object(Closure))
#8 /Users/pllx/Web/myapp/bjjs/l9/vendor/laravel/framework/src/Illuminate/Database/Eloquent/Builder.php(710): Illuminate\\Database\\Query\\Builder->get(Array)
#9 /Users/pllx/Web/myapp/bjjs/l9/vendor/laravel/framework/src/Illuminate/Database/Eloquent/Builder.php(694): Illuminate\\Database\\Eloquent\\Builder->getModels(Array)
#10 /Users/pllx/Web/myapp/bjjs/l9/vendor/laravel/framework/src/Illuminate/Database/Eloquent/Model.php(673): Illuminate\\Database\\Eloquent\\Builder->get(Array)
#11 /Users/pllx/Web/myapp/bjjs/l9/vendor/dcat/laravel-admin/src/Extend/Manager.php(445): Illuminate\\Database\\Eloquent\\Model::all()
#12 /Users/pllx/Web/myapp/bjjs/l9/vendor/dcat/laravel-admin/src/Extend/Manager.php(85): Dcat\\Admin\\Extend\\Manager->settings()
#13 /Users/pllx/Web/myapp/bjjs/l9/vendor/dcat/laravel-admin/src/Extend/ServiceProvider.php(282): Dcat\\Admin\\Extend\\Manager->enabled('canbez.dcat-the...')
#14 /Users/pllx/Web/myapp/bjjs/l9/vendor/dcat/laravel-admin/src/Extend/ServiceProvider.php(292): Dcat\\Admin\\Extend\\ServiceProvider->enabled()
#15 /Users/pllx/Web/myapp/bjjs/l9/vendor/dcat/laravel-admin/src/Extend/ServiceProvider.php(88): Dcat\\Admin\\Extend\\ServiceProvider->disabled()
#16 /Users/pllx/Web/myapp/bjjs/l9/vendor/laravel/framework/src/Illuminate/Container/BoundMethod.php(36): Dcat\\Admin\\Extend\\ServiceProvider->boot()
#17 /Users/pllx/Web/myapp/bjjs/l9/vendor/laravel/framework/src/Illuminate/Container/Util.php(41): Illuminate\\Container\\BoundMethod::Illuminate\\Container\\{closure}()
#18 /Users/pllx/Web/myapp/bjjs/l9/vendor/laravel/framework/src/Illuminate/Container/BoundMethod.php(93): Illuminate\\Container\\Util::unwrapIfClosure(Object(Closure))
#19 /Users/pllx/Web/myapp/bjjs/l9/vendor/laravel/framework/src/Illuminate/Container/BoundMethod.php(35): Illuminate\\Container\\BoundMethod::callBoundMethod(Object(Illuminate\\Foundation\\Application), Array, Object(Closure))
#20 /Users/pllx/Web/myapp/bjjs/l9/vendor/laravel/framework/src/Illuminate/Container/Container.php(661): Illuminate\\Container\\BoundMethod::call(Object(Illuminate\\Foundation\\Application), Array, Array, NULL)
#21 /Users/pllx/Web/myapp/bjjs/l9/vendor/laravel/framework/src/Illuminate/Foundation/Application.php(929): Illuminate\\Container\\Container->call(Array)
#22 /Users/pllx/Web/myapp/bjjs/l9/vendor/laravel/framework/src/Illuminate/Foundation/Application.php(910): Illuminate\\Foundation\\Application->bootProvider(Object(Canbez\\DcatTheme\\DcatThemeServiceProvider))
#23 [internal function]: Illuminate\\Foundation\\Application->Illuminate\\Foundation\\{closure}(Object(Canbez\\DcatTheme\\DcatThemeServiceProvider), 15)
#24 /Users/pllx/Web/myapp/bjjs/l9/vendor/laravel/framework/src/Illuminate/Foundation/Application.php(909): array_walk(Array, Object(Closure))
#25 /Users/pllx/Web/myapp/bjjs/l9/vendor/laravel/framework/src/Illuminate/Foundation/Bootstrap/BootProviders.php(17): Illuminate\\Foundation\\Application->boot()
#26 /Users/pllx/Web/myapp/bjjs/l9/vendor/laravel/framework/src/Illuminate/Foundation/Application.php(242): Illuminate\\Foundation\\Bootstrap\\BootProviders->bootstrap(Object(Illuminate\\Foundation\\Application))
#27 /Users/pllx/Web/myapp/bjjs/l9/vendor/laravel/framework/src/Illuminate/Foundation/Console/Kernel.php(383): Illuminate\\Foundation\\Application->bootstrapWith(Array)
#28 /Users/pllx/Web/myapp/bjjs/l9/vendor/laravel/framework/src/Illuminate/Foundation/Console/Kernel.php(153): Illuminate\\Foundation\\Console\\Kernel->bootstrap()
#29 /Users/pllx/Web/myapp/bjjs/l9/artisan(35): Illuminate\\Foundation\\Console\\Kernel->handle(Object(Symfony\\Component\\Console\\Input\\ArgvInput), Object(Symfony\\Component\\Console\\Output\\ConsoleOutput))
#30 {main}

[previous exception] [object] (PDOException(code: 2002): SQLSTATE[HY000] [2002] Connection refused at /Users/pllx/Web/myapp/bjjs/l9/vendor/laravel/framework/src/Illuminate/Database/Connectors/Connector.php:70)
[stacktrace]
#0 /Users/pllx/Web/myapp/bjjs/l9/vendor/laravel/framework/src/Illuminate/Database/Connectors/Connector.php(70): PDO->__construct('mysql:host=127....', 'root', Object(SensitiveParameterValue), Array)
#1 /Users/pllx/Web/myapp/bjjs/l9/vendor/laravel/framework/src/Illuminate/Database/Connectors/Connector.php(100): Illuminate\\Database\\Connectors\\Connector->createPdoConnection('mysql:host=127....', 'root', '', Array)
#2 /Users/pllx/Web/myapp/bjjs/l9/vendor/laravel/framework/src/Illuminate/Database/Connectors/Connector.php(49): Illuminate\\Database\\Connectors\\Connector->tryAgainIfCausedByLostConnection(Object(PDOException), 'mysql:host=127....', 'root', '', Array)
#3 /Users/pllx/Web/myapp/bjjs/l9/vendor/laravel/framework/src/Illuminate/Database/Connectors/MySqlConnector.php(24): Illuminate\\Database\\Connectors\\Connector->createConnection('mysql:host=127....', Array, Array)
#4 /Users/pllx/Web/myapp/bjjs/l9/vendor/laravel/framework/src/Illuminate/Database/Connectors/ConnectionFactory.php(184): Illuminate\\Database\\Connectors\\MySqlConnector->connect(Array)
#5 [internal function]: Illuminate\\Database\\Connectors\\ConnectionFactory->Illuminate\\Database\\Connectors\\{closure}()
#6 /Users/pllx/Web/myapp/bjjs/l9/vendor/laravel/framework/src/Illuminate/Database/Connection.php(1181): call_user_func(Object(Closure))
#7 /Users/pllx/Web/myapp/bjjs/l9/vendor/laravel/framework/src/Illuminate/Database/Connection.php(1217): Illuminate\\Database\\Connection->getPdo()
#8 /Users/pllx/Web/myapp/bjjs/l9/vendor/laravel/framework/src/Illuminate/Database/Connection.php(486): Illuminate\\Database\\Connection->getReadPdo()
#9 /Users/pllx/Web/myapp/bjjs/l9/vendor/laravel/framework/src/Illuminate/Database/Connection.php(414): Illuminate\\Database\\Connection->getPdoForSelect(true)
#10 /Users/pllx/Web/myapp/bjjs/l9/vendor/laravel/framework/src/Illuminate/Database/Connection.php(753): Illuminate\\Database\\Connection->Illuminate\\Database\\{closure}('select * from `...', Array)
#11 /Users/pllx/Web/myapp/bjjs/l9/vendor/laravel/framework/src/Illuminate/Database/Connection.php(899): Illuminate\\Database\\Connection->runQueryCallback('select * from `...', Array, Object(Closure))
#12 /Users/pllx/Web/myapp/bjjs/l9/vendor/laravel/framework/src/Illuminate/Database/Connection.php(878): Illuminate\\Database\\Connection->tryAgainIfCausedByLostConnection(Object(Illuminate\\Database\\QueryException), 'select * from `...', Array, Object(Closure))
#13 /Users/pllx/Web/myapp/bjjs/l9/vendor/laravel/framework/src/Illuminate/Database/Connection.php(722): Illuminate\\Database\\Connection->handleQueryException(Object(Illuminate\\Database\\QueryException), 'select * from `...', Array, Object(Closure))
#14 /Users/pllx/Web/myapp/bjjs/l9/vendor/laravel/framework/src/Illuminate/Database/Connection.php(405): Illuminate\\Database\\Connection->run('select * from `...', Array, Object(Closure))
#15 /Users/pllx/Web/myapp/bjjs/l9/vendor/laravel/framework/src/Illuminate/Database/Query/Builder.php(2705): Illuminate\\Database\\Connection->select('select * from `...', Array, true)
#16 /Users/pllx/Web/myapp/bjjs/l9/vendor/laravel/framework/src/Illuminate/Database/Query/Builder.php(2694): Illuminate\\Database\\Query\\Builder->runSelect()
#17 /Users/pllx/Web/myapp/bjjs/l9/vendor/laravel/framework/src/Illuminate/Database/Query/Builder.php(3230): Illuminate\\Database\\Query\\Builder->Illuminate\\Database\\Query\\{closure}()
#18 /Users/pllx/Web/myapp/bjjs/l9/vendor/laravel/framework/src/Illuminate/Database/Query/Builder.php(2693): Illuminate\\Database\\Query\\Builder->onceWithColumns(Array, Object(Closure))
#19 /Users/pllx/Web/myapp/bjjs/l9/vendor/laravel/framework/src/Illuminate/Database/Eloquent/Builder.php(710): Illuminate\\Database\\Query\\Builder->get(Array)
#20 /Users/pllx/Web/myapp/bjjs/l9/vendor/laravel/framework/src/Illuminate/Database/Eloquent/Builder.php(694): Illuminate\\Database\\Eloquent\\Builder->getModels(Array)
#21 /Users/pllx/Web/myapp/bjjs/l9/vendor/laravel/framework/src/Illuminate/Database/Eloquent/Model.php(673): Illuminate\\Database\\Eloquent\\Builder->get(Array)
#22 /Users/pllx/Web/myapp/bjjs/l9/vendor/dcat/laravel-admin/src/Extend/Manager.php(445): Illuminate\\Database\\Eloquent\\Model::all()
#23 /Users/pllx/Web/myapp/bjjs/l9/vendor/dcat/laravel-admin/src/Extend/Manager.php(85): Dcat\\Admin\\Extend\\Manager->settings()
#24 /Users/pllx/Web/myapp/bjjs/l9/vendor/dcat/laravel-admin/src/Extend/ServiceProvider.php(282): Dcat\\Admin\\Extend\\Manager->enabled('canbez.dcat-the...')
#25 /Users/pllx/Web/myapp/bjjs/l9/vendor/dcat/laravel-admin/src/Extend/ServiceProvider.php(292): Dcat\\Admin\\Extend\\ServiceProvider->enabled()
#26 /Users/pllx/Web/myapp/bjjs/l9/vendor/dcat/laravel-admin/src/Extend/ServiceProvider.php(88): Dcat\\Admin\\Extend\\ServiceProvider->disabled()
#27 /Users/pllx/Web/myapp/bjjs/l9/vendor/laravel/framework/src/Illuminate/Container/BoundMethod.php(36): Dcat\\Admin\\Extend\\ServiceProvider->boot()
#28 /Users/pllx/Web/myapp/bjjs/l9/vendor/laravel/framework/src/Illuminate/Container/Util.php(41): Illuminate\\Container\\BoundMethod::Illuminate\\Container\\{closure}()
#29 /Users/pllx/Web/myapp/bjjs/l9/vendor/laravel/framework/src/Illuminate/Container/BoundMethod.php(93): Illuminate\\Container\\Util::unwrapIfClosure(Object(Closure))
#30 /Users/pllx/Web/myapp/bjjs/l9/vendor/laravel/framework/src/Illuminate/Container/BoundMethod.php(35): Illuminate\\Container\\BoundMethod::callBoundMethod(Object(Illuminate\\Foundation\\Application), Array, Object(Closure))
#31 /Users/pllx/Web/myapp/bjjs/l9/vendor/laravel/framework/src/Illuminate/Container/Container.php(661): Illuminate\\Container\\BoundMethod::call(Object(Illuminate\\Foundation\\Application), Array, Array, NULL)
#32 /Users/pllx/Web/myapp/bjjs/l9/vendor/laravel/framework/src/Illuminate/Foundation/Application.php(929): Illuminate\\Container\\Container->call(Array)
#33 /Users/pllx/Web/myapp/bjjs/l9/vendor/laravel/framework/src/Illuminate/Foundation/Application.php(910): Illuminate\\Foundation\\Application->bootProvider(Object(Canbez\\DcatTheme\\DcatThemeServiceProvider))
#34 [internal function]: Illuminate\\Foundation\\Application->Illuminate\\Foundation\\{closure}(Object(Canbez\\DcatTheme\\DcatThemeServiceProvider), 15)
#35 /Users/pllx/Web/myapp/bjjs/l9/vendor/laravel/framework/src/Illuminate/Foundation/Application.php(909): array_walk(Array, Object(Closure))
#36 /Users/pllx/Web/myapp/bjjs/l9/vendor/laravel/framework/src/Illuminate/Foundation/Bootstrap/BootProviders.php(17): Illuminate\\Foundation\\Application->boot()
#37 /Users/pllx/Web/myapp/bjjs/l9/vendor/laravel/framework/src/Illuminate/Foundation/Application.php(242): Illuminate\\Foundation\\Bootstrap\\BootProviders->bootstrap(Object(Illuminate\\Foundation\\Application))
#38 /Users/pllx/Web/myapp/bjjs/l9/vendor/laravel/framework/src/Illuminate/Foundation/Console/Kernel.php(383): Illuminate\\Foundation\\Application->bootstrapWith(Array)
#39 /Users/pllx/Web/myapp/bjjs/l9/vendor/laravel/framework/src/Illuminate/Foundation/Console/Kernel.php(153): Illuminate\\Foundation\\Console\\Kernel->bootstrap()
#40 /Users/pllx/Web/myapp/bjjs/l9/artisan(35): Illuminate\\Foundation\\Console\\Kernel->handle(Object(Symfony\\Component\\Console\\Input\\ArgvInput), Object(Symfony\\Component\\Console\\Output\\ConsoleOutput))
#41 {main}
"} 
[2024-05-25 13:09:14] local.ERROR: SQLSTATE[HY000] [2002] Connection refused (SQL: select * from `admin_extensions`) {"exception":"[object] (Illuminate\\Database\\QueryException(code: 2002): SQLSTATE[HY000] [2002] Connection refused (SQL: select * from `admin_extensions`) at /Users/pllx/Web/myapp/bjjs/l9/vendor/laravel/framework/src/Illuminate/Database/Connection.php:760)
[stacktrace]
#0 /Users/pllx/Web/myapp/bjjs/l9/vendor/laravel/framework/src/Illuminate/Database/Connection.php(899): Illuminate\\Database\\Connection->runQueryCallback('select * from `...', Array, Object(Closure))
#1 /Users/pllx/Web/myapp/bjjs/l9/vendor/laravel/framework/src/Illuminate/Database/Connection.php(878): Illuminate\\Database\\Connection->tryAgainIfCausedByLostConnection(Object(Illuminate\\Database\\QueryException), 'select * from `...', Array, Object(Closure))
#2 /Users/pllx/Web/myapp/bjjs/l9/vendor/laravel/framework/src/Illuminate/Database/Connection.php(722): Illuminate\\Database\\Connection->handleQueryException(Object(Illuminate\\Database\\QueryException), 'select * from `...', Array, Object(Closure))
#3 /Users/pllx/Web/myapp/bjjs/l9/vendor/laravel/framework/src/Illuminate/Database/Connection.php(405): Illuminate\\Database\\Connection->run('select * from `...', Array, Object(Closure))
#4 /Users/pllx/Web/myapp/bjjs/l9/vendor/laravel/framework/src/Illuminate/Database/Query/Builder.php(2705): Illuminate\\Database\\Connection->select('select * from `...', Array, true)
#5 /Users/pllx/Web/myapp/bjjs/l9/vendor/laravel/framework/src/Illuminate/Database/Query/Builder.php(2694): Illuminate\\Database\\Query\\Builder->runSelect()
#6 /Users/pllx/Web/myapp/bjjs/l9/vendor/laravel/framework/src/Illuminate/Database/Query/Builder.php(3230): Illuminate\\Database\\Query\\Builder->Illuminate\\Database\\Query\\{closure}()
#7 /Users/pllx/Web/myapp/bjjs/l9/vendor/laravel/framework/src/Illuminate/Database/Query/Builder.php(2693): Illuminate\\Database\\Query\\Builder->onceWithColumns(Array, Object(Closure))
#8 /Users/pllx/Web/myapp/bjjs/l9/vendor/laravel/framework/src/Illuminate/Database/Eloquent/Builder.php(710): Illuminate\\Database\\Query\\Builder->get(Array)
#9 /Users/pllx/Web/myapp/bjjs/l9/vendor/laravel/framework/src/Illuminate/Database/Eloquent/Builder.php(694): Illuminate\\Database\\Eloquent\\Builder->getModels(Array)
#10 /Users/pllx/Web/myapp/bjjs/l9/vendor/laravel/framework/src/Illuminate/Database/Eloquent/Model.php(673): Illuminate\\Database\\Eloquent\\Builder->get(Array)
#11 /Users/pllx/Web/myapp/bjjs/l9/vendor/dcat/laravel-admin/src/Extend/Manager.php(445): Illuminate\\Database\\Eloquent\\Model::all()
#12 /Users/pllx/Web/myapp/bjjs/l9/vendor/dcat/laravel-admin/src/Extend/Manager.php(85): Dcat\\Admin\\Extend\\Manager->settings()
#13 /Users/pllx/Web/myapp/bjjs/l9/vendor/dcat/laravel-admin/src/Extend/ServiceProvider.php(282): Dcat\\Admin\\Extend\\Manager->enabled('canbez.dcat-the...')
#14 /Users/pllx/Web/myapp/bjjs/l9/vendor/dcat/laravel-admin/src/Extend/ServiceProvider.php(292): Dcat\\Admin\\Extend\\ServiceProvider->enabled()
#15 /Users/pllx/Web/myapp/bjjs/l9/vendor/dcat/laravel-admin/src/Extend/ServiceProvider.php(88): Dcat\\Admin\\Extend\\ServiceProvider->disabled()
#16 /Users/pllx/Web/myapp/bjjs/l9/vendor/laravel/framework/src/Illuminate/Container/BoundMethod.php(36): Dcat\\Admin\\Extend\\ServiceProvider->boot()
#17 /Users/pllx/Web/myapp/bjjs/l9/vendor/laravel/framework/src/Illuminate/Container/Util.php(41): Illuminate\\Container\\BoundMethod::Illuminate\\Container\\{closure}()
#18 /Users/pllx/Web/myapp/bjjs/l9/vendor/laravel/framework/src/Illuminate/Container/BoundMethod.php(93): Illuminate\\Container\\Util::unwrapIfClosure(Object(Closure))
#19 /Users/pllx/Web/myapp/bjjs/l9/vendor/laravel/framework/src/Illuminate/Container/BoundMethod.php(35): Illuminate\\Container\\BoundMethod::callBoundMethod(Object(Illuminate\\Foundation\\Application), Array, Object(Closure))
#20 /Users/pllx/Web/myapp/bjjs/l9/vendor/laravel/framework/src/Illuminate/Container/Container.php(661): Illuminate\\Container\\BoundMethod::call(Object(Illuminate\\Foundation\\Application), Array, Array, NULL)
#21 /Users/pllx/Web/myapp/bjjs/l9/vendor/laravel/framework/src/Illuminate/Foundation/Application.php(929): Illuminate\\Container\\Container->call(Array)
#22 /Users/pllx/Web/myapp/bjjs/l9/vendor/laravel/framework/src/Illuminate/Foundation/Application.php(910): Illuminate\\Foundation\\Application->bootProvider(Object(Canbez\\DcatTheme\\DcatThemeServiceProvider))
#23 [internal function]: Illuminate\\Foundation\\Application->Illuminate\\Foundation\\{closure}(Object(Canbez\\DcatTheme\\DcatThemeServiceProvider), 15)
#24 /Users/pllx/Web/myapp/bjjs/l9/vendor/laravel/framework/src/Illuminate/Foundation/Application.php(909): array_walk(Array, Object(Closure))
#25 /Users/pllx/Web/myapp/bjjs/l9/vendor/laravel/framework/src/Illuminate/Foundation/Bootstrap/BootProviders.php(17): Illuminate\\Foundation\\Application->boot()
#26 /Users/pllx/Web/myapp/bjjs/l9/vendor/laravel/framework/src/Illuminate/Foundation/Application.php(242): Illuminate\\Foundation\\Bootstrap\\BootProviders->bootstrap(Object(Illuminate\\Foundation\\Application))
#27 /Users/pllx/Web/myapp/bjjs/l9/vendor/laravel/framework/src/Illuminate/Foundation/Console/Kernel.php(383): Illuminate\\Foundation\\Application->bootstrapWith(Array)
#28 /Users/pllx/Web/myapp/bjjs/l9/vendor/laravel/framework/src/Illuminate/Foundation/Console/Kernel.php(153): Illuminate\\Foundation\\Console\\Kernel->bootstrap()
#29 /Users/pllx/Web/myapp/bjjs/l9/artisan(35): Illuminate\\Foundation\\Console\\Kernel->handle(Object(Symfony\\Component\\Console\\Input\\ArgvInput), Object(Symfony\\Component\\Console\\Output\\ConsoleOutput))
#30 {main}

[previous exception] [object] (PDOException(code: 2002): SQLSTATE[HY000] [2002] Connection refused at /Users/pllx/Web/myapp/bjjs/l9/vendor/laravel/framework/src/Illuminate/Database/Connectors/Connector.php:70)
[stacktrace]
#0 /Users/pllx/Web/myapp/bjjs/l9/vendor/laravel/framework/src/Illuminate/Database/Connectors/Connector.php(70): PDO->__construct('mysql:host=127....', 'root', Object(SensitiveParameterValue), Array)
#1 /Users/pllx/Web/myapp/bjjs/l9/vendor/laravel/framework/src/Illuminate/Database/Connectors/Connector.php(100): Illuminate\\Database\\Connectors\\Connector->createPdoConnection('mysql:host=127....', 'root', '', Array)
#2 /Users/pllx/Web/myapp/bjjs/l9/vendor/laravel/framework/src/Illuminate/Database/Connectors/Connector.php(49): Illuminate\\Database\\Connectors\\Connector->tryAgainIfCausedByLostConnection(Object(PDOException), 'mysql:host=127....', 'root', '', Array)
#3 /Users/pllx/Web/myapp/bjjs/l9/vendor/laravel/framework/src/Illuminate/Database/Connectors/MySqlConnector.php(24): Illuminate\\Database\\Connectors\\Connector->createConnection('mysql:host=127....', Array, Array)
#4 /Users/pllx/Web/myapp/bjjs/l9/vendor/laravel/framework/src/Illuminate/Database/Connectors/ConnectionFactory.php(184): Illuminate\\Database\\Connectors\\MySqlConnector->connect(Array)
#5 [internal function]: Illuminate\\Database\\Connectors\\ConnectionFactory->Illuminate\\Database\\Connectors\\{closure}()
#6 /Users/pllx/Web/myapp/bjjs/l9/vendor/laravel/framework/src/Illuminate/Database/Connection.php(1181): call_user_func(Object(Closure))
#7 /Users/pllx/Web/myapp/bjjs/l9/vendor/laravel/framework/src/Illuminate/Database/Connection.php(1217): Illuminate\\Database\\Connection->getPdo()
#8 /Users/pllx/Web/myapp/bjjs/l9/vendor/laravel/framework/src/Illuminate/Database/Connection.php(486): Illuminate\\Database\\Connection->getReadPdo()
#9 /Users/pllx/Web/myapp/bjjs/l9/vendor/laravel/framework/src/Illuminate/Database/Connection.php(414): Illuminate\\Database\\Connection->getPdoForSelect(true)
#10 /Users/pllx/Web/myapp/bjjs/l9/vendor/laravel/framework/src/Illuminate/Database/Connection.php(753): Illuminate\\Database\\Connection->Illuminate\\Database\\{closure}('select * from `...', Array)
#11 /Users/pllx/Web/myapp/bjjs/l9/vendor/laravel/framework/src/Illuminate/Database/Connection.php(899): Illuminate\\Database\\Connection->runQueryCallback('select * from `...', Array, Object(Closure))
#12 /Users/pllx/Web/myapp/bjjs/l9/vendor/laravel/framework/src/Illuminate/Database/Connection.php(878): Illuminate\\Database\\Connection->tryAgainIfCausedByLostConnection(Object(Illuminate\\Database\\QueryException), 'select * from `...', Array, Object(Closure))
#13 /Users/pllx/Web/myapp/bjjs/l9/vendor/laravel/framework/src/Illuminate/Database/Connection.php(722): Illuminate\\Database\\Connection->handleQueryException(Object(Illuminate\\Database\\QueryException), 'select * from `...', Array, Object(Closure))
#14 /Users/pllx/Web/myapp/bjjs/l9/vendor/laravel/framework/src/Illuminate/Database/Connection.php(405): Illuminate\\Database\\Connection->run('select * from `...', Array, Object(Closure))
#15 /Users/pllx/Web/myapp/bjjs/l9/vendor/laravel/framework/src/Illuminate/Database/Query/Builder.php(2705): Illuminate\\Database\\Connection->select('select * from `...', Array, true)
#16 /Users/pllx/Web/myapp/bjjs/l9/vendor/laravel/framework/src/Illuminate/Database/Query/Builder.php(2694): Illuminate\\Database\\Query\\Builder->runSelect()
#17 /Users/pllx/Web/myapp/bjjs/l9/vendor/laravel/framework/src/Illuminate/Database/Query/Builder.php(3230): Illuminate\\Database\\Query\\Builder->Illuminate\\Database\\Query\\{closure}()
#18 /Users/pllx/Web/myapp/bjjs/l9/vendor/laravel/framework/src/Illuminate/Database/Query/Builder.php(2693): Illuminate\\Database\\Query\\Builder->onceWithColumns(Array, Object(Closure))
#19 /Users/pllx/Web/myapp/bjjs/l9/vendor/laravel/framework/src/Illuminate/Database/Eloquent/Builder.php(710): Illuminate\\Database\\Query\\Builder->get(Array)
#20 /Users/pllx/Web/myapp/bjjs/l9/vendor/laravel/framework/src/Illuminate/Database/Eloquent/Builder.php(694): Illuminate\\Database\\Eloquent\\Builder->getModels(Array)
#21 /Users/pllx/Web/myapp/bjjs/l9/vendor/laravel/framework/src/Illuminate/Database/Eloquent/Model.php(673): Illuminate\\Database\\Eloquent\\Builder->get(Array)
#22 /Users/pllx/Web/myapp/bjjs/l9/vendor/dcat/laravel-admin/src/Extend/Manager.php(445): Illuminate\\Database\\Eloquent\\Model::all()
#23 /Users/pllx/Web/myapp/bjjs/l9/vendor/dcat/laravel-admin/src/Extend/Manager.php(85): Dcat\\Admin\\Extend\\Manager->settings()
#24 /Users/pllx/Web/myapp/bjjs/l9/vendor/dcat/laravel-admin/src/Extend/ServiceProvider.php(282): Dcat\\Admin\\Extend\\Manager->enabled('canbez.dcat-the...')
#25 /Users/pllx/Web/myapp/bjjs/l9/vendor/dcat/laravel-admin/src/Extend/ServiceProvider.php(292): Dcat\\Admin\\Extend\\ServiceProvider->enabled()
#26 /Users/pllx/Web/myapp/bjjs/l9/vendor/dcat/laravel-admin/src/Extend/ServiceProvider.php(88): Dcat\\Admin\\Extend\\ServiceProvider->disabled()
#27 /Users/pllx/Web/myapp/bjjs/l9/vendor/laravel/framework/src/Illuminate/Container/BoundMethod.php(36): Dcat\\Admin\\Extend\\ServiceProvider->boot()
#28 /Users/pllx/Web/myapp/bjjs/l9/vendor/laravel/framework/src/Illuminate/Container/Util.php(41): Illuminate\\Container\\BoundMethod::Illuminate\\Container\\{closure}()
#29 /Users/pllx/Web/myapp/bjjs/l9/vendor/laravel/framework/src/Illuminate/Container/BoundMethod.php(93): Illuminate\\Container\\Util::unwrapIfClosure(Object(Closure))
#30 /Users/pllx/Web/myapp/bjjs/l9/vendor/laravel/framework/src/Illuminate/Container/BoundMethod.php(35): Illuminate\\Container\\BoundMethod::callBoundMethod(Object(Illuminate\\Foundation\\Application), Array, Object(Closure))
#31 /Users/pllx/Web/myapp/bjjs/l9/vendor/laravel/framework/src/Illuminate/Container/Container.php(661): Illuminate\\Container\\BoundMethod::call(Object(Illuminate\\Foundation\\Application), Array, Array, NULL)
#32 /Users/pllx/Web/myapp/bjjs/l9/vendor/laravel/framework/src/Illuminate/Foundation/Application.php(929): Illuminate\\Container\\Container->call(Array)
#33 /Users/pllx/Web/myapp/bjjs/l9/vendor/laravel/framework/src/Illuminate/Foundation/Application.php(910): Illuminate\\Foundation\\Application->bootProvider(Object(Canbez\\DcatTheme\\DcatThemeServiceProvider))
#34 [internal function]: Illuminate\\Foundation\\Application->Illuminate\\Foundation\\{closure}(Object(Canbez\\DcatTheme\\DcatThemeServiceProvider), 15)
#35 /Users/pllx/Web/myapp/bjjs/l9/vendor/laravel/framework/src/Illuminate/Foundation/Application.php(909): array_walk(Array, Object(Closure))
#36 /Users/pllx/Web/myapp/bjjs/l9/vendor/laravel/framework/src/Illuminate/Foundation/Bootstrap/BootProviders.php(17): Illuminate\\Foundation\\Application->boot()
#37 /Users/pllx/Web/myapp/bjjs/l9/vendor/laravel/framework/src/Illuminate/Foundation/Application.php(242): Illuminate\\Foundation\\Bootstrap\\BootProviders->bootstrap(Object(Illuminate\\Foundation\\Application))
#38 /Users/pllx/Web/myapp/bjjs/l9/vendor/laravel/framework/src/Illuminate/Foundation/Console/Kernel.php(383): Illuminate\\Foundation\\Application->bootstrapWith(Array)
#39 /Users/pllx/Web/myapp/bjjs/l9/vendor/laravel/framework/src/Illuminate/Foundation/Console/Kernel.php(153): Illuminate\\Foundation\\Console\\Kernel->bootstrap()
#40 /Users/pllx/Web/myapp/bjjs/l9/artisan(35): Illuminate\\Foundation\\Console\\Kernel->handle(Object(Symfony\\Component\\Console\\Input\\ArgvInput), Object(Symfony\\Component\\Console\\Output\\ConsoleOutput))
#41 {main}
"} 
