## 开始执行... 2023-08-15 10:30:00


🔔京东CK检测, 开始!

====================共1个京东账号Cookie=========

==================脚本执行- 北京时间(UTC+8)：8/15/2023, 10:30:00=====================


提示:京东cookie 【1】填写不规范,可能会影响部分脚本正常使用。正确格式为: pt_key=xxx;pt_pin=xxx;（分号;不可少）

KingRan 频道通知：https://t.me/KingRan521

云服务器IP须知：域名前缀为 'lzdz' 的禁用勿跑容易黑号

开始检测【京东账号1】null ....

账号没有分组
获取的别名为空，尝试使用接口2验证....

使用X1a0He写的接口加强检测: Cookie无效

京东账号1 : null 已失效,自动禁用成功!

等待2秒.......	

京东CK检测：
👇👇👇👇👇自动禁用账号👇👇👇👇👇
【账号1🆔】null (自动禁用成功!)


👇👇👇👇👇失效账号👇👇👇👇👇
【账号1🆔】null 已失效,自动禁用成功!




🔔京东CK检测, 结束! 🕛 2.311 秒



## 执行结束... 2023-08-15 10:30:03  耗时 3 秒　　　　　
