## 开始执行... 2023-08-25 18:11:00

任务随机延迟 93 秒，配置文件参数 RandomDelay 置空可取消延迟 


🔔摇京豆, 开始!

====================共1个京东账号Cookie=========

==================脚本执行- 北京时间(UTC+8)：8/25/2023, 18:12:34=====================


提示:京东cookie 【__jda=122270672.1692958034518673303755.1692958035.1692958035.1692958035.1; __jdc=122270672; __jdv=122270672|direct|-|none|-|1692958034518; __jdu=1692958034518673303755; 3AB9D23F7A4B3C9B=D7HQJFKN65JFALVCKZQQD2XYFPWKAICYCXWCAAMYSIRJOEM6IRROEGLD2NMWUY4A3N23VFUSJWAIVUFN436DYPRWJY; wlfstk_smdl=ud93rprhowmkj69izdc9pspb0h3kqyll; TrackID=1yJ3rb0CuVQdQKZnV_aTKFRgh_GL7esOaaUvvJCYQ_GtbwPz0PIjcK57g_48_3bX2LESRnEav3grzzjZtGt6EYL-VbWm8XUBBq7V4aqYi_SIhefvAZw1WkfpctiA1XvPW; thor=469BB3FC492061E709DA420A11E3386A5C6758E85B128AC802C54C1A0A55ED371F61838D22772D8FF36745A5F7C86F0022CAB411B11CD76713C64B14C88F43B2FDCCADDDBB51A9AD4EC084676F74AFB42700E35E1773488460DA63DF07580C734CC60CA4B6D897611659F0738202FE73D5C79C101F3E57F692612EDB35EDF9A222F36FC0048FAAC41C9F502D645F4D8E; flash=2_JDmP-BgtxSV8FcUpo_NcRELg5rVpW_7qV3mtOGcllZrUbA0fUbWU_pW-bk6M4aaEh9pud53ngoMdFPnaEf1lhHZH4qkUSahWBGOzVhtQi2D*; pinId=jIBpUQqvUKpNIq7qbJiqrQ; pin=4343657360; unick=%E6%B5%81%E6%98%9F_LXX; ceshi3.com=201; _tp=t3H%2BKYyj0eV10Zv6AfH3Ew%3D%3D; _pst=4343657360; __jdb=122270672.2.1692958034518673303755|1.1692958035; areaId=11; ipLoc-djd=11-799-0-0】填写不规范,可能会影响部分脚本正常使用。正确格式为: pt_key=xxx;pt_pin=xxx;（分号;不可少）

KingRan 频道通知：https://t.me/KingRan521

云服务器IP须知：域名前缀为 'lzdz' 的禁用勿跑容易黑号


********开始【京东账号1】null*****

开始做浏览页面任务
京东会员——摇奖次数8
开始摇盒子

摇京豆: API查询请求失败 ‼️‼️

❗️摇京豆, 错误!


摇京豆: API查询请求失败 ‼️‼️

❗️摇京豆, 错误!


摇京豆: API查询请求失败 ‼️‼️

❗️摇京豆, 错误!


摇京豆: API查询请求失败 ‼️‼️

❗️摇京豆, 错误!


摇京豆: API查询请求失败 ‼️‼️

❗️摇京豆, 错误!


摇京豆: API查询请求失败 ‼️‼️

❗️摇京豆, 错误!


摇京豆: API查询请求失败 ‼️‼️

❗️摇京豆, 错误!


摇京豆: API查询请求失败 ‼️‼️

❗️摇京豆, 错误!


摇京豆: API查询请求失败 ‼️‼️

❗️摇京豆, 错误!

京东会员第undefined天已签到


【新版本 超级摇一摇】获取信息失败：没有查询到活动信息


京东APP首页超级摇一摇：目前暂无活动


🔔摇京豆, 结束! 🕛 21.972 秒



## 执行结束... 2023-08-25 18:12:56  耗时 116 秒　　　　　
